#
# A fatal error has been detected by the Java Runtime Environment:
#
#  SIGSEGV (0xb) at pc=0x00007fc39c032395, pid=76336, tid=76362
#
# JRE version: OpenJDK Runtime Environment (11.0.7+10) (build 11.0.7+10-post-Ubuntu-3ubuntu1)
# Java VM: OpenJDK 64-Bit Server VM (11.0.7+10-post-Ubuntu-3ubuntu1, mixed mode, sharing, tiered, compressed oops, g1 gc, linux-amd64)
# Problematic frame:
# C  [libxcb.so.1+0xc395]  xcb_writev+0x15
#
# Core dump will be written. Default location: Core dumps may be processed with "/usr/share/apport/apport %p %s %c %d %P %E" (or dumping to /home/aristide/git/shiny-potato/shiny-potato/core.76336)
#
# If you would like to submit a bug report, please visit:
#   https://bugs.launchpad.net/ubuntu/+source/openjdk-lts
#

---------------  S U M M A R Y ------------

Command Line: -Dfile.encoding=UTF-8 shiny_potatoes.ShinyPotato

Host: Intel(R) Core(TM) i7-4720HQ CPU @ 2.60GHz, 8 cores, 15G, Ubuntu 20.04 LTS
Time: Sun May 17 18:53:20 2020 CEST elapsed time: 5 seconds (0d 0h 0m 5s)

---------------  T H R E A D  ---------------

Current thread is native thread

Stack: [0x00007fc394533000,0x00007fc394634000],  sp=0x00007fc394632940,  free space=1022k
Native frames: (J=compiled Java code, A=aot compiled Java code, j=interpreted, Vv=VM code, C=native code)
C  [libxcb.so.1+0xc395]  xcb_writev+0x15


siginfo: si_signo: 11 (SIGSEGV), si_code: 1 (SEGV_MAPERR), si_addr: 0x0000000000000000

Register to memory mapping:

RAX=
[error occurred during error reporting (printing register info), id 0xb, SIGSEGV (0xb) at pc=0x00007fc3c8a0471c]

Registers:
RAX=0x00007fc39c102b0c, RBX=0x0000000000000001, RCX=0x0000000000000001, RDX=0x0000000000000003
RSP=0x00007fc394632940, RBP=0x00007fc3946329c0, RSI=0x00007fc394632990, RDI=0x0000000000000000
R8 =0x00007fc394632a8c, R9 =0x0000000000000000, R10=0x0000000000000000, R11=0x0000000000000282
R12=0x00007fc394632990, R13=0x00007fc3c042e270, R14=0x0000000000000000, R15=0x0000000000000000
RIP=0x00007fc39c032395, EFLAGS=0x0000000000010202, CSGSFS=0x002b000000000033, ERR=0x0000000000000004
  TRAPNO=0x000000000000000e

Top of Stack: (sp=0x00007fc394632940)
0x00007fc394632940:   00000000000000ff 0000000000000001
0x00007fc394632950:   00007fc3946329c0 00007fc394632990
0x00007fc394632960:   00007fc3c042e270 00007fc394d44303
0x00007fc394632970:   0000000000000000 00007fc39c08e75e 

Instructions: (pc=0x00007fc39c032395)
0x00007fc39c032295:   00 00 00 00 00 48 c7 83 88 40 00 00 00 00 00 00
0x00007fc39c0322a5:   e8 36 f3 ff ff 85 c0 75 99 c7 83 c0 40 00 00 00
0x00007fc39c0322b5:   00 00 00 b8 01 00 00 00 5b c3 90 f3 0f 1e fa 53
0x00007fc39c0322c5:   48 89 fb e8 b3 f2 ff ff 48 8d bb 98 40 00 00 5b
0x00007fc39c0322d5:   e9 66 f1 ff ff 66 0f 1f 44 00 00 f3 0f 1e fa 41
0x00007fc39c0322e5:   56 41 55 4c 8d af 30 11 00 00 41 54 55 48 89 fd
0x00007fc39c0322f5:   53 48 83 ec 10 48 89 74 24 08 89 54 24 04 85 d2
0x00007fc39c032305:   74 69 4c 8d 74 24 04 48 8d 5c 24 08 0f 1f 80 00
0x00007fc39c032315:   00 00 00 4c 89 f1 48 89 da 4c 89 ee 48 89 ef e8
0x00007fc39c032325:   57 f8 ff ff 41 89 c4 8b 44 24 04 85 c0 74 05 45
0x00007fc39c032335:   85 e4 75 df 48 8b 85 b0 51 00 00 4c 89 ef 48 89
0x00007fc39c032345:   85 b8 51 00 00 e8 41 f0 ff ff 48 89 ef e8 89 11
0x00007fc39c032355:   00 00 48 83 c4 10 44 89 e0 5b 5d 41 5c 41 5d 41
0x00007fc39c032365:   5e c3 66 0f 1f 84 00 00 00 00 00 41 bc 01 00 00
0x00007fc39c032375:   00 eb c1 0f 1f 84 00 00 00 00 00 f3 0f 1e fa 41
0x00007fc39c032385:   57 41 56 45 31 f6 41 55 41 54 55 53 48 83 ec 08
0x00007fc39c032395:   8b 07 85 c0 75 38 4c 8d 7f 18 48 89 fd 48 89 cb
0x00007fc39c0323a5:   49 89 f4 4c 89 ff 41 89 d5 e8 3d f2 ff ff 48 89
0x00007fc39c0323b5:   ef 44 89 ea 4c 89 e6 48 01 9d b0 51 00 00 e8 18
0x00007fc39c0323c5:   ff ff ff 4c 89 ff 41 89 c6 e8 3d f1 ff ff 48 83
0x00007fc39c0323d5:   c4 08 44 89 f0 5b 5d 41 5c 41 5d 41 5e 41 5f c3
0x00007fc39c0323e5:   66 66 2e 0f 1f 84 00 00 00 00 00 55 53 48 83 ec
0x00007fc39c0323f5:   38 64 48 8b 04 25 28 00 00 00 48 89 44 24 28 31
0x00007fc39c032405:   c0 48 8d 05 e3 2d 01 00 48 c7 44 24 18 04 00 00
0x00007fc39c032415:   00 48 89 44 24 10 8b 07 85 c0 75 5e 48 8b 87 b0
0x00007fc39c032425:   51 00 00 48 89 fd 31 d2 b9 04 00 00 00 48 8d 70
0x00007fc39c032435:   01 48 89 b7 b0 51 00 00 48 89 b7 78 10 00 00 e8
0x00007fc39c032445:   87 16 00 00 48 63 85 ac 51 00 00 48 8b 5c 24 18
0x00007fc39c032455:   48 8d bd ac 11 00 00 48 8d 14 03 48 81 fa 00 40
0x00007fc39c032465:   00 00 77 37 48 8b 74 24 10 48 01 c7 48 89 da e8
0x00007fc39c032475:   57 f0 ff ff 01 9d ac 51 00 00 48 8b 44 24 28 64
0x00007fc39c032485:   48 33 04 25 28 00 00 00 75 36 48 83 c4 38 5b 5d 


Stack slot to memory mapping:
stack at sp + 0 slots: 
[error occurred during error reporting (inspecting top of stack), id 0xb, SIGSEGV (0xb) at pc=0x00007fc3c8a0471c]


---------------  P R O C E S S  ---------------

VM state:not at safepoint (normal execution)

VM Mutex/Monitor currently owned by a thread: None

Heap address: 0x0000000707200000, size: 3982 MB, Compressed Oops mode: Zero based, Oop shift amount: 3
Narrow klass base: 0x0000000800000000, Narrow klass shift: 3
Compressed class space size: 1073741824 Address: 0x0000000840000000

Heap:
 garbage-first heap   total 258048K, used 15044K [0x0000000707200000, 0x0000000800000000)
  region size 1024K, 16 young (16384K), 0 survivors (0K)
 Metaspace       used 5842K, capacity 8929K, committed 9344K, reserved 1058816K
  class space    used 288K, capacity 595K, committed 640K, reserved 1048576K
Heap Regions: E=young(eden), S=young(survivor), O=old, HS=humongous(starts), HC=humongous(continues), CS=collection set, F=free, A=archive, TAMS=top-at-mark-start (previous, next)
|   0|0x0000000707200000, 0x0000000707200000, 0x0000000707300000|  0%| F|  |TAMS 0x0000000707200000, 0x0000000707200000| Untracked 
|   1|0x0000000707300000, 0x0000000707300000, 0x0000000707400000|  0%| F|  |TAMS 0x0000000707300000, 0x0000000707300000| Untracked 
|   2|0x0000000707400000, 0x0000000707400000, 0x0000000707500000|  0%| F|  |TAMS 0x0000000707400000, 0x0000000707400000| Untracked 
|   3|0x0000000707500000, 0x0000000707500000, 0x0000000707600000|  0%| F|  |TAMS 0x0000000707500000, 0x0000000707500000| Untracked 
|   4|0x0000000707600000, 0x0000000707600000, 0x0000000707700000|  0%| F|  |TAMS 0x0000000707600000, 0x0000000707600000| Untracked 
|   5|0x0000000707700000, 0x0000000707700000, 0x0000000707800000|  0%| F|  |TAMS 0x0000000707700000, 0x0000000707700000| Untracked 
|   6|0x0000000707800000, 0x0000000707800000, 0x0000000707900000|  0%| F|  |TAMS 0x0000000707800000, 0x0000000707800000| Untracked 
|   7|0x0000000707900000, 0x0000000707900000, 0x0000000707a00000|  0%| F|  |TAMS 0x0000000707900000, 0x0000000707900000| Untracked 
|   8|0x0000000707a00000, 0x0000000707a00000, 0x0000000707b00000|  0%| F|  |TAMS 0x0000000707a00000, 0x0000000707a00000| Untracked 
|   9|0x0000000707b00000, 0x0000000707b00000, 0x0000000707c00000|  0%| F|  |TAMS 0x0000000707b00000, 0x0000000707b00000| Untracked 
|  10|0x0000000707c00000, 0x0000000707c00000, 0x0000000707d00000|  0%| F|  |TAMS 0x0000000707c00000, 0x0000000707c00000| Untracked 
|  11|0x0000000707d00000, 0x0000000707d00000, 0x0000000707e00000|  0%| F|  |TAMS 0x0000000707d00000, 0x0000000707d00000| Untracked 
|  12|0x0000000707e00000, 0x0000000707e00000, 0x0000000707f00000|  0%| F|  |TAMS 0x0000000707e00000, 0x0000000707e00000| Untracked 
|  13|0x0000000707f00000, 0x0000000707f00000, 0x0000000708000000|  0%| F|  |TAMS 0x0000000707f00000, 0x0000000707f00000| Untracked 
|  14|0x0000000708000000, 0x0000000708000000, 0x0000000708100000|  0%| F|  |TAMS 0x0000000708000000, 0x0000000708000000| Untracked 
|  15|0x0000000708100000, 0x0000000708100000, 0x0000000708200000|  0%| F|  |TAMS 0x0000000708100000, 0x0000000708100000| Untracked 
|  16|0x0000000708200000, 0x0000000708200000, 0x0000000708300000|  0%| F|  |TAMS 0x0000000708200000, 0x0000000708200000| Untracked 
|  17|0x0000000708300000, 0x0000000708300000, 0x0000000708400000|  0%| F|  |TAMS 0x0000000708300000, 0x0000000708300000| Untracked 
|  18|0x0000000708400000, 0x0000000708400000, 0x0000000708500000|  0%| F|  |TAMS 0x0000000708400000, 0x0000000708400000| Untracked 
|  19|0x0000000708500000, 0x0000000708500000, 0x0000000708600000|  0%| F|  |TAMS 0x0000000708500000, 0x0000000708500000| Untracked 
|  20|0x0000000708600000, 0x0000000708600000, 0x0000000708700000|  0%| F|  |TAMS 0x0000000708600000, 0x0000000708600000| Untracked 
|  21|0x0000000708700000, 0x0000000708700000, 0x0000000708800000|  0%| F|  |TAMS 0x0000000708700000, 0x0000000708700000| Untracked 
|  22|0x0000000708800000, 0x0000000708800000, 0x0000000708900000|  0%| F|  |TAMS 0x0000000708800000, 0x0000000708800000| Untracked 
|  23|0x0000000708900000, 0x0000000708900000, 0x0000000708a00000|  0%| F|  |TAMS 0x0000000708900000, 0x0000000708900000| Untracked 
|  24|0x0000000708a00000, 0x0000000708a00000, 0x0000000708b00000|  0%| F|  |TAMS 0x0000000708a00000, 0x0000000708a00000| Untracked 
|  25|0x0000000708b00000, 0x0000000708b00000, 0x0000000708c00000|  0%| F|  |TAMS 0x0000000708b00000, 0x0000000708b00000| Untracked 
|  26|0x0000000708c00000, 0x0000000708c00000, 0x0000000708d00000|  0%| F|  |TAMS 0x0000000708c00000, 0x0000000708c00000| Untracked 
|  27|0x0000000708d00000, 0x0000000708d00000, 0x0000000708e00000|  0%| F|  |TAMS 0x0000000708d00000, 0x0000000708d00000| Untracked 
|  28|0x0000000708e00000, 0x0000000708e00000, 0x0000000708f00000|  0%| F|  |TAMS 0x0000000708e00000, 0x0000000708e00000| Untracked 
|  29|0x0000000708f00000, 0x0000000708f00000, 0x0000000709000000|  0%| F|  |TAMS 0x0000000708f00000, 0x0000000708f00000| Untracked 
|  30|0x0000000709000000, 0x0000000709000000, 0x0000000709100000|  0%| F|  |TAMS 0x0000000709000000, 0x0000000709000000| Untracked 
|  31|0x0000000709100000, 0x0000000709100000, 0x0000000709200000|  0%| F|  |TAMS 0x0000000709100000, 0x0000000709100000| Untracked 
|  32|0x0000000709200000, 0x0000000709200000, 0x0000000709300000|  0%| F|  |TAMS 0x0000000709200000, 0x0000000709200000| Untracked 
|  33|0x0000000709300000, 0x0000000709300000, 0x0000000709400000|  0%| F|  |TAMS 0x0000000709300000, 0x0000000709300000| Untracked 
|  34|0x0000000709400000, 0x0000000709400000, 0x0000000709500000|  0%| F|  |TAMS 0x0000000709400000, 0x0000000709400000| Untracked 
|  35|0x0000000709500000, 0x0000000709500000, 0x0000000709600000|  0%| F|  |TAMS 0x0000000709500000, 0x0000000709500000| Untracked 
|  36|0x0000000709600000, 0x0000000709600000, 0x0000000709700000|  0%| F|  |TAMS 0x0000000709600000, 0x0000000709600000| Untracked 
|  37|0x0000000709700000, 0x0000000709700000, 0x0000000709800000|  0%| F|  |TAMS 0x0000000709700000, 0x0000000709700000| Untracked 
|  38|0x0000000709800000, 0x0000000709800000, 0x0000000709900000|  0%| F|  |TAMS 0x0000000709800000, 0x0000000709800000| Untracked 
|  39|0x0000000709900000, 0x0000000709900000, 0x0000000709a00000|  0%| F|  |TAMS 0x0000000709900000, 0x0000000709900000| Untracked 
|  40|0x0000000709a00000, 0x0000000709a00000, 0x0000000709b00000|  0%| F|  |TAMS 0x0000000709a00000, 0x0000000709a00000| Untracked 
|  41|0x0000000709b00000, 0x0000000709b00000, 0x0000000709c00000|  0%| F|  |TAMS 0x0000000709b00000, 0x0000000709b00000| Untracked 
|  42|0x0000000709c00000, 0x0000000709c00000, 0x0000000709d00000|  0%| F|  |TAMS 0x0000000709c00000, 0x0000000709c00000| Untracked 
|  43|0x0000000709d00000, 0x0000000709d00000, 0x0000000709e00000|  0%| F|  |TAMS 0x0000000709d00000, 0x0000000709d00000| Untracked 
|  44|0x0000000709e00000, 0x0000000709e00000, 0x0000000709f00000|  0%| F|  |TAMS 0x0000000709e00000, 0x0000000709e00000| Untracked 
|  45|0x0000000709f00000, 0x0000000709f00000, 0x000000070a000000|  0%| F|  |TAMS 0x0000000709f00000, 0x0000000709f00000| Untracked 
|  46|0x000000070a000000, 0x000000070a000000, 0x000000070a100000|  0%| F|  |TAMS 0x000000070a000000, 0x000000070a000000| Untracked 
|  47|0x000000070a100000, 0x000000070a100000, 0x000000070a200000|  0%| F|  |TAMS 0x000000070a100000, 0x000000070a100000| Untracked 
|  48|0x000000070a200000, 0x000000070a200000, 0x000000070a300000|  0%| F|  |TAMS 0x000000070a200000, 0x000000070a200000| Untracked 
|  49|0x000000070a300000, 0x000000070a300000, 0x000000070a400000|  0%| F|  |TAMS 0x000000070a300000, 0x000000070a300000| Untracked 
|  50|0x000000070a400000, 0x000000070a400000, 0x000000070a500000|  0%| F|  |TAMS 0x000000070a400000, 0x000000070a400000| Untracked 
|  51|0x000000070a500000, 0x000000070a500000, 0x000000070a600000|  0%| F|  |TAMS 0x000000070a500000, 0x000000070a500000| Untracked 
|  52|0x000000070a600000, 0x000000070a600000, 0x000000070a700000|  0%| F|  |TAMS 0x000000070a600000, 0x000000070a600000| Untracked 
|  53|0x000000070a700000, 0x000000070a700000, 0x000000070a800000|  0%| F|  |TAMS 0x000000070a700000, 0x000000070a700000| Untracked 
|  54|0x000000070a800000, 0x000000070a800000, 0x000000070a900000|  0%| F|  |TAMS 0x000000070a800000, 0x000000070a800000| Untracked 
|  55|0x000000070a900000, 0x000000070a900000, 0x000000070aa00000|  0%| F|  |TAMS 0x000000070a900000, 0x000000070a900000| Untracked 
|  56|0x000000070aa00000, 0x000000070aa00000, 0x000000070ab00000|  0%| F|  |TAMS 0x000000070aa00000, 0x000000070aa00000| Untracked 
|  57|0x000000070ab00000, 0x000000070ab00000, 0x000000070ac00000|  0%| F|  |TAMS 0x000000070ab00000, 0x000000070ab00000| Untracked 
|  58|0x000000070ac00000, 0x000000070ac00000, 0x000000070ad00000|  0%| F|  |TAMS 0x000000070ac00000, 0x000000070ac00000| Untracked 
|  59|0x000000070ad00000, 0x000000070ad00000, 0x000000070ae00000|  0%| F|  |TAMS 0x000000070ad00000, 0x000000070ad00000| Untracked 
|  60|0x000000070ae00000, 0x000000070ae00000, 0x000000070af00000|  0%| F|  |TAMS 0x000000070ae00000, 0x000000070ae00000| Untracked 
|  61|0x000000070af00000, 0x000000070af00000, 0x000000070b000000|  0%| F|  |TAMS 0x000000070af00000, 0x000000070af00000| Untracked 
|  62|0x000000070b000000, 0x000000070b000000, 0x000000070b100000|  0%| F|  |TAMS 0x000000070b000000, 0x000000070b000000| Untracked 
|  63|0x000000070b100000, 0x000000070b100000, 0x000000070b200000|  0%| F|  |TAMS 0x000000070b100000, 0x000000070b100000| Untracked 
|  64|0x000000070b200000, 0x000000070b200000, 0x000000070b300000|  0%| F|  |TAMS 0x000000070b200000, 0x000000070b200000| Untracked 
|  65|0x000000070b300000, 0x000000070b300000, 0x000000070b400000|  0%| F|  |TAMS 0x000000070b300000, 0x000000070b300000| Untracked 
|  66|0x000000070b400000, 0x000000070b400000, 0x000000070b500000|  0%| F|  |TAMS 0x000000070b400000, 0x000000070b400000| Untracked 
|  67|0x000000070b500000, 0x000000070b500000, 0x000000070b600000|  0%| F|  |TAMS 0x000000070b500000, 0x000000070b500000| Untracked 
|  68|0x000000070b600000, 0x000000070b600000, 0x000000070b700000|  0%| F|  |TAMS 0x000000070b600000, 0x000000070b600000| Untracked 
|  69|0x000000070b700000, 0x000000070b700000, 0x000000070b800000|  0%| F|  |TAMS 0x000000070b700000, 0x000000070b700000| Untracked 
|  70|0x000000070b800000, 0x000000070b800000, 0x000000070b900000|  0%| F|  |TAMS 0x000000070b800000, 0x000000070b800000| Untracked 
|  71|0x000000070b900000, 0x000000070b900000, 0x000000070ba00000|  0%| F|  |TAMS 0x000000070b900000, 0x000000070b900000| Untracked 
|  72|0x000000070ba00000, 0x000000070ba00000, 0x000000070bb00000|  0%| F|  |TAMS 0x000000070ba00000, 0x000000070ba00000| Untracked 
|  73|0x000000070bb00000, 0x000000070bb00000, 0x000000070bc00000|  0%| F|  |TAMS 0x000000070bb00000, 0x000000070bb00000| Untracked 
|  74|0x000000070bc00000, 0x000000070bc00000, 0x000000070bd00000|  0%| F|  |TAMS 0x000000070bc00000, 0x000000070bc00000| Untracked 
|  75|0x000000070bd00000, 0x000000070bd00000, 0x000000070be00000|  0%| F|  |TAMS 0x000000070bd00000, 0x000000070bd00000| Untracked 
|  76|0x000000070be00000, 0x000000070be00000, 0x000000070bf00000|  0%| F|  |TAMS 0x000000070be00000, 0x000000070be00000| Untracked 
|  77|0x000000070bf00000, 0x000000070bf00000, 0x000000070c000000|  0%| F|  |TAMS 0x000000070bf00000, 0x000000070bf00000| Untracked 
|  78|0x000000070c000000, 0x000000070c000000, 0x000000070c100000|  0%| F|  |TAMS 0x000000070c000000, 0x000000070c000000| Untracked 
|  79|0x000000070c100000, 0x000000070c100000, 0x000000070c200000|  0%| F|  |TAMS 0x000000070c100000, 0x000000070c100000| Untracked 
|  80|0x000000070c200000, 0x000000070c200000, 0x000000070c300000|  0%| F|  |TAMS 0x000000070c200000, 0x000000070c200000| Untracked 
|  81|0x000000070c300000, 0x000000070c300000, 0x000000070c400000|  0%| F|  |TAMS 0x000000070c300000, 0x000000070c300000| Untracked 
|  82|0x000000070c400000, 0x000000070c400000, 0x000000070c500000|  0%| F|  |TAMS 0x000000070c400000, 0x000000070c400000| Untracked 
|  83|0x000000070c500000, 0x000000070c500000, 0x000000070c600000|  0%| F|  |TAMS 0x000000070c500000, 0x000000070c500000| Untracked 
|  84|0x000000070c600000, 0x000000070c600000, 0x000000070c700000|  0%| F|  |TAMS 0x000000070c600000, 0x000000070c600000| Untracked 
|  85|0x000000070c700000, 0x000000070c700000, 0x000000070c800000|  0%| F|  |TAMS 0x000000070c700000, 0x000000070c700000| Untracked 
|  86|0x000000070c800000, 0x000000070c800000, 0x000000070c900000|  0%| F|  |TAMS 0x000000070c800000, 0x000000070c800000| Untracked 
|  87|0x000000070c900000, 0x000000070c900000, 0x000000070ca00000|  0%| F|  |TAMS 0x000000070c900000, 0x000000070c900000| Untracked 
|  88|0x000000070ca00000, 0x000000070ca00000, 0x000000070cb00000|  0%| F|  |TAMS 0x000000070ca00000, 0x000000070ca00000| Untracked 
|  89|0x000000070cb00000, 0x000000070cb00000, 0x000000070cc00000|  0%| F|  |TAMS 0x000000070cb00000, 0x000000070cb00000| Untracked 
|  90|0x000000070cc00000, 0x000000070cc00000, 0x000000070cd00000|  0%| F|  |TAMS 0x000000070cc00000, 0x000000070cc00000| Untracked 
|  91|0x000000070cd00000, 0x000000070cd00000, 0x000000070ce00000|  0%| F|  |TAMS 0x000000070cd00000, 0x000000070cd00000| Untracked 
|  92|0x000000070ce00000, 0x000000070ce00000, 0x000000070cf00000|  0%| F|  |TAMS 0x000000070ce00000, 0x000000070ce00000| Untracked 
|  93|0x000000070cf00000, 0x000000070cf00000, 0x000000070d000000|  0%| F|  |TAMS 0x000000070cf00000, 0x000000070cf00000| Untracked 
|  94|0x000000070d000000, 0x000000070d000000, 0x000000070d100000|  0%| F|  |TAMS 0x000000070d000000, 0x000000070d000000| Untracked 
|  95|0x000000070d100000, 0x000000070d100000, 0x000000070d200000|  0%| F|  |TAMS 0x000000070d100000, 0x000000070d100000| Untracked 
|  96|0x000000070d200000, 0x000000070d200000, 0x000000070d300000|  0%| F|  |TAMS 0x000000070d200000, 0x000000070d200000| Untracked 
|  97|0x000000070d300000, 0x000000070d300000, 0x000000070d400000|  0%| F|  |TAMS 0x000000070d300000, 0x000000070d300000| Untracked 
|  98|0x000000070d400000, 0x000000070d400000, 0x000000070d500000|  0%| F|  |TAMS 0x000000070d400000, 0x000000070d400000| Untracked 
|  99|0x000000070d500000, 0x000000070d500000, 0x000000070d600000|  0%| F|  |TAMS 0x000000070d500000, 0x000000070d500000| Untracked 
| 100|0x000000070d600000, 0x000000070d600000, 0x000000070d700000|  0%| F|  |TAMS 0x000000070d600000, 0x000000070d600000| Untracked 
| 101|0x000000070d700000, 0x000000070d700000, 0x000000070d800000|  0%| F|  |TAMS 0x000000070d700000, 0x000000070d700000| Untracked 
| 102|0x000000070d800000, 0x000000070d800000, 0x000000070d900000|  0%| F|  |TAMS 0x000000070d800000, 0x000000070d800000| Untracked 
| 103|0x000000070d900000, 0x000000070d900000, 0x000000070da00000|  0%| F|  |TAMS 0x000000070d900000, 0x000000070d900000| Untracked 
| 104|0x000000070da00000, 0x000000070da00000, 0x000000070db00000|  0%| F|  |TAMS 0x000000070da00000, 0x000000070da00000| Untracked 
| 105|0x000000070db00000, 0x000000070db00000, 0x000000070dc00000|  0%| F|  |TAMS 0x000000070db00000, 0x000000070db00000| Untracked 
| 106|0x000000070dc00000, 0x000000070dc00000, 0x000000070dd00000|  0%| F|  |TAMS 0x000000070dc00000, 0x000000070dc00000| Untracked 
| 107|0x000000070dd00000, 0x000000070dd00000, 0x000000070de00000|  0%| F|  |TAMS 0x000000070dd00000, 0x000000070dd00000| Untracked 
| 108|0x000000070de00000, 0x000000070de00000, 0x000000070df00000|  0%| F|  |TAMS 0x000000070de00000, 0x000000070de00000| Untracked 
| 109|0x000000070df00000, 0x000000070df00000, 0x000000070e000000|  0%| F|  |TAMS 0x000000070df00000, 0x000000070df00000| Untracked 
| 110|0x000000070e000000, 0x000000070e000000, 0x000000070e100000|  0%| F|  |TAMS 0x000000070e000000, 0x000000070e000000| Untracked 
| 111|0x000000070e100000, 0x000000070e100000, 0x000000070e200000|  0%| F|  |TAMS 0x000000070e100000, 0x000000070e100000| Untracked 
| 112|0x000000070e200000, 0x000000070e200000, 0x000000070e300000|  0%| F|  |TAMS 0x000000070e200000, 0x000000070e200000| Untracked 
| 113|0x000000070e300000, 0x000000070e300000, 0x000000070e400000|  0%| F|  |TAMS 0x000000070e300000, 0x000000070e300000| Untracked 
| 114|0x000000070e400000, 0x000000070e400000, 0x000000070e500000|  0%| F|  |TAMS 0x000000070e400000, 0x000000070e400000| Untracked 
| 115|0x000000070e500000, 0x000000070e500000, 0x000000070e600000|  0%| F|  |TAMS 0x000000070e500000, 0x000000070e500000| Untracked 
| 116|0x000000070e600000, 0x000000070e600000, 0x000000070e700000|  0%| F|  |TAMS 0x000000070e600000, 0x000000070e600000| Untracked 
| 117|0x000000070e700000, 0x000000070e700000, 0x000000070e800000|  0%| F|  |TAMS 0x000000070e700000, 0x000000070e700000| Untracked 
| 118|0x000000070e800000, 0x000000070e800000, 0x000000070e900000|  0%| F|  |TAMS 0x000000070e800000, 0x000000070e800000| Untracked 
| 119|0x000000070e900000, 0x000000070e900000, 0x000000070ea00000|  0%| F|  |TAMS 0x000000070e900000, 0x000000070e900000| Untracked 
| 120|0x000000070ea00000, 0x000000070ea00000, 0x000000070eb00000|  0%| F|  |TAMS 0x000000070ea00000, 0x000000070ea00000| Untracked 
| 121|0x000000070eb00000, 0x000000070eb00000, 0x000000070ec00000|  0%| F|  |TAMS 0x000000070eb00000, 0x000000070eb00000| Untracked 
| 122|0x000000070ec00000, 0x000000070ec00000, 0x000000070ed00000|  0%| F|  |TAMS 0x000000070ec00000, 0x000000070ec00000| Untracked 
| 123|0x000000070ed00000, 0x000000070ed00000, 0x000000070ee00000|  0%| F|  |TAMS 0x000000070ed00000, 0x000000070ed00000| Untracked 
| 124|0x000000070ee00000, 0x000000070ee00000, 0x000000070ef00000|  0%| F|  |TAMS 0x000000070ee00000, 0x000000070ee00000| Untracked 
| 125|0x000000070ef00000, 0x000000070ef00000, 0x000000070f000000|  0%| F|  |TAMS 0x000000070ef00000, 0x000000070ef00000| Untracked 
| 126|0x000000070f000000, 0x000000070f000000, 0x000000070f100000|  0%| F|  |TAMS 0x000000070f000000, 0x000000070f000000| Untracked 
| 127|0x000000070f100000, 0x000000070f100000, 0x000000070f200000|  0%| F|  |TAMS 0x000000070f100000, 0x000000070f100000| Untracked 
| 128|0x000000070f200000, 0x000000070f200000, 0x000000070f300000|  0%| F|  |TAMS 0x000000070f200000, 0x000000070f200000| Untracked 
| 129|0x000000070f300000, 0x000000070f300000, 0x000000070f400000|  0%| F|  |TAMS 0x000000070f300000, 0x000000070f300000| Untracked 
| 130|0x000000070f400000, 0x000000070f400000, 0x000000070f500000|  0%| F|  |TAMS 0x000000070f400000, 0x000000070f400000| Untracked 
| 131|0x000000070f500000, 0x000000070f500000, 0x000000070f600000|  0%| F|  |TAMS 0x000000070f500000, 0x000000070f500000| Untracked 
| 132|0x000000070f600000, 0x000000070f600000, 0x000000070f700000|  0%| F|  |TAMS 0x000000070f600000, 0x000000070f600000| Untracked 
| 133|0x000000070f700000, 0x000000070f700000, 0x000000070f800000|  0%| F|  |TAMS 0x000000070f700000, 0x000000070f700000| Untracked 
| 134|0x000000070f800000, 0x000000070f800000, 0x000000070f900000|  0%| F|  |TAMS 0x000000070f800000, 0x000000070f800000| Untracked 
| 135|0x000000070f900000, 0x000000070f900000, 0x000000070fa00000|  0%| F|  |TAMS 0x000000070f900000, 0x000000070f900000| Untracked 
| 136|0x000000070fa00000, 0x000000070fa00000, 0x000000070fb00000|  0%| F|  |TAMS 0x000000070fa00000, 0x000000070fa00000| Untracked 
| 137|0x000000070fb00000, 0x000000070fb00000, 0x000000070fc00000|  0%| F|  |TAMS 0x000000070fb00000, 0x000000070fb00000| Untracked 
| 138|0x000000070fc00000, 0x000000070fc00000, 0x000000070fd00000|  0%| F|  |TAMS 0x000000070fc00000, 0x000000070fc00000| Untracked 
| 139|0x000000070fd00000, 0x000000070fd00000, 0x000000070fe00000|  0%| F|  |TAMS 0x000000070fd00000, 0x000000070fd00000| Untracked 
| 140|0x000000070fe00000, 0x000000070fe00000, 0x000000070ff00000|  0%| F|  |TAMS 0x000000070fe00000, 0x000000070fe00000| Untracked 
| 141|0x000000070ff00000, 0x000000070ff00000, 0x0000000710000000|  0%| F|  |TAMS 0x000000070ff00000, 0x000000070ff00000| Untracked 
| 142|0x0000000710000000, 0x0000000710000000, 0x0000000710100000|  0%| F|  |TAMS 0x0000000710000000, 0x0000000710000000| Untracked 
| 143|0x0000000710100000, 0x0000000710100000, 0x0000000710200000|  0%| F|  |TAMS 0x0000000710100000, 0x0000000710100000| Untracked 
| 144|0x0000000710200000, 0x0000000710200000, 0x0000000710300000|  0%| F|  |TAMS 0x0000000710200000, 0x0000000710200000| Untracked 
| 145|0x0000000710300000, 0x0000000710300000, 0x0000000710400000|  0%| F|  |TAMS 0x0000000710300000, 0x0000000710300000| Untracked 
| 146|0x0000000710400000, 0x0000000710400000, 0x0000000710500000|  0%| F|  |TAMS 0x0000000710400000, 0x0000000710400000| Untracked 
| 147|0x0000000710500000, 0x0000000710500000, 0x0000000710600000|  0%| F|  |TAMS 0x0000000710500000, 0x0000000710500000| Untracked 
| 148|0x0000000710600000, 0x0000000710600000, 0x0000000710700000|  0%| F|  |TAMS 0x0000000710600000, 0x0000000710600000| Untracked 
| 149|0x0000000710700000, 0x0000000710700000, 0x0000000710800000|  0%| F|  |TAMS 0x0000000710700000, 0x0000000710700000| Untracked 
| 150|0x0000000710800000, 0x0000000710800000, 0x0000000710900000|  0%| F|  |TAMS 0x0000000710800000, 0x0000000710800000| Untracked 
| 151|0x0000000710900000, 0x0000000710900000, 0x0000000710a00000|  0%| F|  |TAMS 0x0000000710900000, 0x0000000710900000| Untracked 
| 152|0x0000000710a00000, 0x0000000710a00000, 0x0000000710b00000|  0%| F|  |TAMS 0x0000000710a00000, 0x0000000710a00000| Untracked 
| 153|0x0000000710b00000, 0x0000000710b00000, 0x0000000710c00000|  0%| F|  |TAMS 0x0000000710b00000, 0x0000000710b00000| Untracked 
| 154|0x0000000710c00000, 0x0000000710c00000, 0x0000000710d00000|  0%| F|  |TAMS 0x0000000710c00000, 0x0000000710c00000| Untracked 
| 155|0x0000000710d00000, 0x0000000710d00000, 0x0000000710e00000|  0%| F|  |TAMS 0x0000000710d00000, 0x0000000710d00000| Untracked 
| 156|0x0000000710e00000, 0x0000000710e00000, 0x0000000710f00000|  0%| F|  |TAMS 0x0000000710e00000, 0x0000000710e00000| Untracked 
| 157|0x0000000710f00000, 0x0000000710f00000, 0x0000000711000000|  0%| F|  |TAMS 0x0000000710f00000, 0x0000000710f00000| Untracked 
| 158|0x0000000711000000, 0x0000000711000000, 0x0000000711100000|  0%| F|  |TAMS 0x0000000711000000, 0x0000000711000000| Untracked 
| 159|0x0000000711100000, 0x0000000711100000, 0x0000000711200000|  0%| F|  |TAMS 0x0000000711100000, 0x0000000711100000| Untracked 
| 160|0x0000000711200000, 0x0000000711200000, 0x0000000711300000|  0%| F|  |TAMS 0x0000000711200000, 0x0000000711200000| Untracked 
| 161|0x0000000711300000, 0x0000000711300000, 0x0000000711400000|  0%| F|  |TAMS 0x0000000711300000, 0x0000000711300000| Untracked 
| 162|0x0000000711400000, 0x0000000711400000, 0x0000000711500000|  0%| F|  |TAMS 0x0000000711400000, 0x0000000711400000| Untracked 
| 163|0x0000000711500000, 0x0000000711500000, 0x0000000711600000|  0%| F|  |TAMS 0x0000000711500000, 0x0000000711500000| Untracked 
| 164|0x0000000711600000, 0x0000000711600000, 0x0000000711700000|  0%| F|  |TAMS 0x0000000711600000, 0x0000000711600000| Untracked 
| 165|0x0000000711700000, 0x0000000711700000, 0x0000000711800000|  0%| F|  |TAMS 0x0000000711700000, 0x0000000711700000| Untracked 
| 166|0x0000000711800000, 0x0000000711800000, 0x0000000711900000|  0%| F|  |TAMS 0x0000000711800000, 0x0000000711800000| Untracked 
| 167|0x0000000711900000, 0x0000000711900000, 0x0000000711a00000|  0%| F|  |TAMS 0x0000000711900000, 0x0000000711900000| Untracked 
| 168|0x0000000711a00000, 0x0000000711a00000, 0x0000000711b00000|  0%| F|  |TAMS 0x0000000711a00000, 0x0000000711a00000| Untracked 
| 169|0x0000000711b00000, 0x0000000711b00000, 0x0000000711c00000|  0%| F|  |TAMS 0x0000000711b00000, 0x0000000711b00000| Untracked 
| 170|0x0000000711c00000, 0x0000000711c00000, 0x0000000711d00000|  0%| F|  |TAMS 0x0000000711c00000, 0x0000000711c00000| Untracked 
| 171|0x0000000711d00000, 0x0000000711d00000, 0x0000000711e00000|  0%| F|  |TAMS 0x0000000711d00000, 0x0000000711d00000| Untracked 
| 172|0x0000000711e00000, 0x0000000711e00000, 0x0000000711f00000|  0%| F|  |TAMS 0x0000000711e00000, 0x0000000711e00000| Untracked 
| 173|0x0000000711f00000, 0x0000000711f00000, 0x0000000712000000|  0%| F|  |TAMS 0x0000000711f00000, 0x0000000711f00000| Untracked 
| 174|0x0000000712000000, 0x0000000712000000, 0x0000000712100000|  0%| F|  |TAMS 0x0000000712000000, 0x0000000712000000| Untracked 
| 175|0x0000000712100000, 0x0000000712100000, 0x0000000712200000|  0%| F|  |TAMS 0x0000000712100000, 0x0000000712100000| Untracked 
| 176|0x0000000712200000, 0x0000000712200000, 0x0000000712300000|  0%| F|  |TAMS 0x0000000712200000, 0x0000000712200000| Untracked 
| 177|0x0000000712300000, 0x0000000712300000, 0x0000000712400000|  0%| F|  |TAMS 0x0000000712300000, 0x0000000712300000| Untracked 
| 178|0x0000000712400000, 0x0000000712400000, 0x0000000712500000|  0%| F|  |TAMS 0x0000000712400000, 0x0000000712400000| Untracked 
| 179|0x0000000712500000, 0x0000000712500000, 0x0000000712600000|  0%| F|  |TAMS 0x0000000712500000, 0x0000000712500000| Untracked 
| 180|0x0000000712600000, 0x0000000712600000, 0x0000000712700000|  0%| F|  |TAMS 0x0000000712600000, 0x0000000712600000| Untracked 
| 181|0x0000000712700000, 0x0000000712700000, 0x0000000712800000|  0%| F|  |TAMS 0x0000000712700000, 0x0000000712700000| Untracked 
| 182|0x0000000712800000, 0x0000000712800000, 0x0000000712900000|  0%| F|  |TAMS 0x0000000712800000, 0x0000000712800000| Untracked 
| 183|0x0000000712900000, 0x0000000712900000, 0x0000000712a00000|  0%| F|  |TAMS 0x0000000712900000, 0x0000000712900000| Untracked 
| 184|0x0000000712a00000, 0x0000000712a00000, 0x0000000712b00000|  0%| F|  |TAMS 0x0000000712a00000, 0x0000000712a00000| Untracked 
| 185|0x0000000712b00000, 0x0000000712b00000, 0x0000000712c00000|  0%| F|  |TAMS 0x0000000712b00000, 0x0000000712b00000| Untracked 
| 186|0x0000000712c00000, 0x0000000712c00000, 0x0000000712d00000|  0%| F|  |TAMS 0x0000000712c00000, 0x0000000712c00000| Untracked 
| 187|0x0000000712d00000, 0x0000000712d00000, 0x0000000712e00000|  0%| F|  |TAMS 0x0000000712d00000, 0x0000000712d00000| Untracked 
| 188|0x0000000712e00000, 0x0000000712e00000, 0x0000000712f00000|  0%| F|  |TAMS 0x0000000712e00000, 0x0000000712e00000| Untracked 
| 189|0x0000000712f00000, 0x0000000712f00000, 0x0000000713000000|  0%| F|  |TAMS 0x0000000712f00000, 0x0000000712f00000| Untracked 
| 190|0x0000000713000000, 0x0000000713000000, 0x0000000713100000|  0%| F|  |TAMS 0x0000000713000000, 0x0000000713000000| Untracked 
| 191|0x0000000713100000, 0x0000000713100000, 0x0000000713200000|  0%| F|  |TAMS 0x0000000713100000, 0x0000000713100000| Untracked 
| 192|0x0000000713200000, 0x0000000713200000, 0x0000000713300000|  0%| F|  |TAMS 0x0000000713200000, 0x0000000713200000| Untracked 
| 193|0x0000000713300000, 0x0000000713300000, 0x0000000713400000|  0%| F|  |TAMS 0x0000000713300000, 0x0000000713300000| Untracked 
| 194|0x0000000713400000, 0x0000000713400000, 0x0000000713500000|  0%| F|  |TAMS 0x0000000713400000, 0x0000000713400000| Untracked 
| 195|0x0000000713500000, 0x0000000713500000, 0x0000000713600000|  0%| F|  |TAMS 0x0000000713500000, 0x0000000713500000| Untracked 
| 196|0x0000000713600000, 0x0000000713600000, 0x0000000713700000|  0%| F|  |TAMS 0x0000000713600000, 0x0000000713600000| Untracked 
| 197|0x0000000713700000, 0x0000000713700000, 0x0000000713800000|  0%| F|  |TAMS 0x0000000713700000, 0x0000000713700000| Untracked 
| 198|0x0000000713800000, 0x0000000713800000, 0x0000000713900000|  0%| F|  |TAMS 0x0000000713800000, 0x0000000713800000| Untracked 
| 199|0x0000000713900000, 0x0000000713900000, 0x0000000713a00000|  0%| F|  |TAMS 0x0000000713900000, 0x0000000713900000| Untracked 
| 200|0x0000000713a00000, 0x0000000713a00000, 0x0000000713b00000|  0%| F|  |TAMS 0x0000000713a00000, 0x0000000713a00000| Untracked 
| 201|0x0000000713b00000, 0x0000000713b00000, 0x0000000713c00000|  0%| F|  |TAMS 0x0000000713b00000, 0x0000000713b00000| Untracked 
| 202|0x0000000713c00000, 0x0000000713c00000, 0x0000000713d00000|  0%| F|  |TAMS 0x0000000713c00000, 0x0000000713c00000| Untracked 
| 203|0x0000000713d00000, 0x0000000713d00000, 0x0000000713e00000|  0%| F|  |TAMS 0x0000000713d00000, 0x0000000713d00000| Untracked 
| 204|0x0000000713e00000, 0x0000000713e00000, 0x0000000713f00000|  0%| F|  |TAMS 0x0000000713e00000, 0x0000000713e00000| Untracked 
| 205|0x0000000713f00000, 0x0000000713f00000, 0x0000000714000000|  0%| F|  |TAMS 0x0000000713f00000, 0x0000000713f00000| Untracked 
| 206|0x0000000714000000, 0x0000000714000000, 0x0000000714100000|  0%| F|  |TAMS 0x0000000714000000, 0x0000000714000000| Untracked 
| 207|0x0000000714100000, 0x0000000714100000, 0x0000000714200000|  0%| F|  |TAMS 0x0000000714100000, 0x0000000714100000| Untracked 
| 208|0x0000000714200000, 0x0000000714200000, 0x0000000714300000|  0%| F|  |TAMS 0x0000000714200000, 0x0000000714200000| Untracked 
| 209|0x0000000714300000, 0x0000000714300000, 0x0000000714400000|  0%| F|  |TAMS 0x0000000714300000, 0x0000000714300000| Untracked 
| 210|0x0000000714400000, 0x0000000714400000, 0x0000000714500000|  0%| F|  |TAMS 0x0000000714400000, 0x0000000714400000| Untracked 
| 211|0x0000000714500000, 0x0000000714500000, 0x0000000714600000|  0%| F|  |TAMS 0x0000000714500000, 0x0000000714500000| Untracked 
| 212|0x0000000714600000, 0x0000000714600000, 0x0000000714700000|  0%| F|  |TAMS 0x0000000714600000, 0x0000000714600000| Untracked 
| 213|0x0000000714700000, 0x0000000714700000, 0x0000000714800000|  0%| F|  |TAMS 0x0000000714700000, 0x0000000714700000| Untracked 
| 214|0x0000000714800000, 0x0000000714800000, 0x0000000714900000|  0%| F|  |TAMS 0x0000000714800000, 0x0000000714800000| Untracked 
| 215|0x0000000714900000, 0x0000000714900000, 0x0000000714a00000|  0%| F|  |TAMS 0x0000000714900000, 0x0000000714900000| Untracked 
| 216|0x0000000714a00000, 0x0000000714a00000, 0x0000000714b00000|  0%| F|  |TAMS 0x0000000714a00000, 0x0000000714a00000| Untracked 
| 217|0x0000000714b00000, 0x0000000714b00000, 0x0000000714c00000|  0%| F|  |TAMS 0x0000000714b00000, 0x0000000714b00000| Untracked 
| 218|0x0000000714c00000, 0x0000000714c00000, 0x0000000714d00000|  0%| F|  |TAMS 0x0000000714c00000, 0x0000000714c00000| Untracked 
| 219|0x0000000714d00000, 0x0000000714d00000, 0x0000000714e00000|  0%| F|  |TAMS 0x0000000714d00000, 0x0000000714d00000| Untracked 
| 220|0x0000000714e00000, 0x0000000714e00000, 0x0000000714f00000|  0%| F|  |TAMS 0x0000000714e00000, 0x0000000714e00000| Untracked 
| 221|0x0000000714f00000, 0x0000000714f00000, 0x0000000715000000|  0%| F|  |TAMS 0x0000000714f00000, 0x0000000714f00000| Untracked 
| 222|0x0000000715000000, 0x0000000715000000, 0x0000000715100000|  0%| F|  |TAMS 0x0000000715000000, 0x0000000715000000| Untracked 
| 223|0x0000000715100000, 0x0000000715100000, 0x0000000715200000|  0%| F|  |TAMS 0x0000000715100000, 0x0000000715100000| Untracked 
| 224|0x0000000715200000, 0x0000000715200000, 0x0000000715300000|  0%| F|  |TAMS 0x0000000715200000, 0x0000000715200000| Untracked 
| 225|0x0000000715300000, 0x0000000715300000, 0x0000000715400000|  0%| F|  |TAMS 0x0000000715300000, 0x0000000715300000| Untracked 
| 226|0x0000000715400000, 0x0000000715400000, 0x0000000715500000|  0%| F|  |TAMS 0x0000000715400000, 0x0000000715400000| Untracked 
| 227|0x0000000715500000, 0x0000000715500000, 0x0000000715600000|  0%| F|  |TAMS 0x0000000715500000, 0x0000000715500000| Untracked 
| 228|0x0000000715600000, 0x0000000715600000, 0x0000000715700000|  0%| F|  |TAMS 0x0000000715600000, 0x0000000715600000| Untracked 
| 229|0x0000000715700000, 0x0000000715700000, 0x0000000715800000|  0%| F|  |TAMS 0x0000000715700000, 0x0000000715700000| Untracked 
| 230|0x0000000715800000, 0x0000000715800000, 0x0000000715900000|  0%| F|  |TAMS 0x0000000715800000, 0x0000000715800000| Untracked 
| 231|0x0000000715900000, 0x0000000715900000, 0x0000000715a00000|  0%| F|  |TAMS 0x0000000715900000, 0x0000000715900000| Untracked 
| 232|0x0000000715a00000, 0x0000000715a00000, 0x0000000715b00000|  0%| F|  |TAMS 0x0000000715a00000, 0x0000000715a00000| Untracked 
| 233|0x0000000715b00000, 0x0000000715b00000, 0x0000000715c00000|  0%| F|  |TAMS 0x0000000715b00000, 0x0000000715b00000| Untracked 
| 234|0x0000000715c00000, 0x0000000715cfa858, 0x0000000715d00000| 97%| E|  |TAMS 0x0000000715c00000, 0x0000000715c00000| Complete 
| 235|0x0000000715d00000, 0x0000000715e00000, 0x0000000715e00000|100%| E|CS|TAMS 0x0000000715d00000, 0x0000000715d00000| Complete 
| 236|0x0000000715e00000, 0x0000000715f00000, 0x0000000715f00000|100%| E|CS|TAMS 0x0000000715e00000, 0x0000000715e00000| Complete 
| 237|0x0000000715f00000, 0x0000000716000000, 0x0000000716000000|100%| E|CS|TAMS 0x0000000715f00000, 0x0000000715f00000| Complete 
| 238|0x0000000716000000, 0x0000000716100000, 0x0000000716100000|100%| E|CS|TAMS 0x0000000716000000, 0x0000000716000000| Complete 
| 239|0x0000000716100000, 0x0000000716200000, 0x0000000716200000|100%| E|CS|TAMS 0x0000000716100000, 0x0000000716100000| Complete 
| 240|0x0000000716200000, 0x0000000716300000, 0x0000000716300000|100%| E|CS|TAMS 0x0000000716200000, 0x0000000716200000| Complete 
| 241|0x0000000716300000, 0x0000000716400000, 0x0000000716400000|100%| E|CS|TAMS 0x0000000716300000, 0x0000000716300000| Complete 
| 242|0x0000000716400000, 0x0000000716500000, 0x0000000716500000|100%| E|CS|TAMS 0x0000000716400000, 0x0000000716400000| Complete 
| 243|0x0000000716500000, 0x0000000716600000, 0x0000000716600000|100%| E|  |TAMS 0x0000000716500000, 0x0000000716500000| Complete 
| 244|0x0000000716600000, 0x0000000716700000, 0x0000000716700000|100%| E|CS|TAMS 0x0000000716600000, 0x0000000716600000| Complete 
| 245|0x0000000716700000, 0x0000000716800000, 0x0000000716800000|100%| E|CS|TAMS 0x0000000716700000, 0x0000000716700000| Complete 
| 246|0x0000000716800000, 0x0000000716900000, 0x0000000716900000|100%| E|CS|TAMS 0x0000000716800000, 0x0000000716800000| Complete 
| 247|0x0000000716900000, 0x0000000716a00000, 0x0000000716a00000|100%| E|CS|TAMS 0x0000000716900000, 0x0000000716900000| Complete 
| 248|0x0000000716a00000, 0x0000000716b00000, 0x0000000716b00000|100%| E|CS|TAMS 0x0000000716a00000, 0x0000000716a00000| Complete 
| 249|0x0000000716b00000, 0x0000000716c00000, 0x0000000716c00000|100%| E|CS|TAMS 0x0000000716b00000, 0x0000000716b00000| Complete 
|2956|0x00000007bfe00000, 0x00000007bfe47000, 0x00000007bff00000| 27%|OA|  |TAMS 0x00000007bfe00000, 0x00000007bfe00000| Untracked 
|2957|0x00000007bff00000, 0x00000007bff6a000, 0x00000007c0000000| 41%|CA|  |TAMS 0x00000007bff00000, 0x00000007bff00000| Untracked 

Card table byte_map: [0x00007fc3c5db3000,0x00007fc3c657a000] _byte_map_base: 0x00007fc3c257a000

Marking Bits (Prev, Next): (CMBitMap*) 0x00007fc3c007c3a8, (CMBitMap*) 0x00007fc3c007c3e0
 Prev Bits: [0x00007fc3a01c8000, 0x00007fc3a4000000)
 Next Bits: [0x00007fc39c390000, 0x00007fc3a01c8000)

Polling page: 0x00007fc3c90a5000

Metaspace:

Usage:
  Non-class:      8,14 MB capacity,     5,42 MB ( 67%) used,     2,71 MB ( 33%) free+waste,     8,62 KB ( <1%) overhead. 
      Class:    595,00 KB capacity,   288,96 KB ( 49%) used,   302,79 KB ( 51%) free+waste,     3,25 KB ( <1%) overhead. 
       Both:      8,72 MB capacity,     5,71 MB ( 65%) used,     3,00 MB ( 34%) free+waste,    11,88 KB ( <1%) overhead. 

Virtual space:
  Non-class space:       10,00 MB reserved,       8,50 MB ( 85%) committed 
      Class space:        1,00 GB reserved,     640,00 KB ( <1%) committed 
             Both:        1,01 GB reserved,       9,12 MB ( <1%) committed 

Chunk freelists:
   Non-Class:  130,00 KB
       Class:  13,00 KB
        Both:  143,00 KB

MaxMetaspaceSize: unlimited
CompressedClassSpaceSize: 1,00 GB

CodeHeap 'non-profiled nmethods': size=120032Kb used=202Kb max_used=202Kb free=119829Kb
 bounds [0x00007fc3b03d5000, 0x00007fc3b0645000, 0x00007fc3b790d000]
CodeHeap 'profiled nmethods': size=120028Kb used=1277Kb max_used=1277Kb free=118750Kb
 bounds [0x00007fc3a8e9e000, 0x00007fc3a910e000, 0x00007fc3b03d5000]
CodeHeap 'non-nmethods': size=5700Kb used=1452Kb max_used=1468Kb free=4248Kb
 bounds [0x00007fc3a890d000, 0x00007fc3a8b7d000, 0x00007fc3a8e9e000]
 total_blobs=1859 nmethods=722 adapters=877
 compilation: enabled
              stopped_count=0, restarted_count=0
 full_count=0

Compilation events (20 events):
Event: 1,948 Thread 0x00007fc3c01da800  708       3       org.lwjgl.opengl.GL11::glBlendFunc (6 bytes)
Event: 1,948 Thread 0x00007fc3c01da800 nmethod 708 0x00007fc3a8fd6c90 code [0x00007fc3a8fd6e40, 0x00007fc3a8fd6fa8]
Event: 2,121 Thread 0x00007fc3c01da800  710       3       org.lwjgl.glfw.GLFW::glfwWindowShouldClose (29 bytes)
Event: 2,121 Thread 0x00007fc3c01da800 nmethod 710 0x00007fc3a8fd7090 code [0x00007fc3a8fd7280, 0x00007fc3a8fd75d8]
Event: 2,966 Thread 0x00007fc3c01da800  712       3       java.lang.Math::random (7 bytes)
Event: 2,966 Thread 0x00007fc3c01da800 nmethod 712 0x00007fc3a8fd7710 code [0x00007fc3a8fd7900, 0x00007fc3a8fd7b78]
Event: 2,966 Thread 0x00007fc3c01da800  713       3       java.util.Random::nextDouble (24 bytes)
Event: 2,966 Thread 0x00007fc3c01da800 nmethod 713 0x00007fc3a8fd7c90 code [0x00007fc3a8fd7e80, 0x00007fc3a8fd80d8]
Event: 3,250 Thread 0x00007fc3c01da800  715       3       org.lwjgl.opengl.GL11::glClear (5 bytes)
Event: 3,250 Thread 0x00007fc3c01da800 nmethod 715 0x00007fc3a8fd8190 code [0x00007fc3a8fd8340, 0x00007fc3a8fd84a8]
Event: 3,250 Thread 0x00007fc3c01da800  717   !   3       shiny_potatoes.Graphic::$SWITCH_TABLE$shiny_potatoes$Perspective (74 bytes)
Event: 3,251 Thread 0x00007fc3c01da800 nmethod 717 0x00007fc3a8fd8590 code [0x00007fc3a8fd87a0, 0x00007fc3a8fd8e08]
Event: 3,251 Thread 0x00007fc3c01da800  718       3       shiny_potatoes.Graphic::drawBackground (135 bytes)
Event: 3,251 Thread 0x00007fc3c01da800 nmethod 718 0x00007fc3a8fd9110 code [0x00007fc3a8fd9460, 0x00007fc3a8fd9c78]
Event: 4,550 Thread 0x00007fc3c01da800  719       3       shiny_potatoes.Graphic::drawMenu (422 bytes)
Event: 4,551 Thread 0x00007fc3c01da800 nmethod 719 0x00007fc3a8fda010 code [0x00007fc3a8fda680, 0x00007fc3a8fdbb88]
Event: 4,551 Thread 0x00007fc3c01da800  720       3       shiny_potatoes.Graphic::setColorByPotatoNumber (62 bytes)
Event: 4,551 Thread 0x00007fc3c01da800 nmethod 720 0x00007fc3a8fdc990 code [0x00007fc3a8fdcbe0, 0x00007fc3a8fdcf38]
Event: 4,551 Thread 0x00007fc3c01da800  721       3       org.lwjgl.glfw.GLFW::glfwSwapBuffers (21 bytes)
Event: 4,551 Thread 0x00007fc3c01da800 nmethod 721 0x00007fc3a8fdd010 code [0x00007fc3a8fdd1e0, 0x00007fc3a8fdd4d8]

GC Heap History (0 events):
No events

Deoptimization events (18 events):
Event: 0,104 Thread 0x00007fc3c0016000 Uncommon trap: trap_request=0xffffff4d fr.pc=0x00007fc3b03d5224 relative=0x0000000000000084
Event: 0,104 Thread 0x00007fc3c0016000 Uncommon trap: reason=unstable_if action=reinterpret pc=0x00007fc3b03d5224 method=java.lang.String.isLatin1()Z @ 10 c2
Event: 0,104 Thread 0x00007fc3c0016000 DEOPT PACKING pc=0x00007fc3b03d5224 sp=0x00007fc3c798d530
Event: 0,104 Thread 0x00007fc3c0016000 DEOPT UNPACKING pc=0x00007fc3a8935aa5 sp=0x00007fc3c798d490 mode 2
Event: 0,223 Thread 0x00007fc3c0016000 DEOPT PACKING pc=0x00007fc3a8ee6a30 sp=0x00007fc3c7989020
Event: 0,223 Thread 0x00007fc3c0016000 DEOPT UNPACKING pc=0x00007fc3a89358ba sp=0x00007fc3c7988498 mode 0
Event: 0,236 Thread 0x00007fc3c0016000 DEOPT PACKING pc=0x00007fc3a8ef8b42 sp=0x00007fc3c798d8f0
Event: 0,236 Thread 0x00007fc3c0016000 DEOPT UNPACKING pc=0x00007fc3a89358ba sp=0x00007fc3c798cd78 mode 0
Event: 0,264 Thread 0x00007fc3c0879800 DEOPT PACKING pc=0x00007fc3a8ec046f sp=0x00007fc394631910
Event: 0,264 Thread 0x00007fc3c0879800 DEOPT UNPACKING pc=0x00007fc3a89358ba sp=0x00007fc394630db8 mode 0
Event: 0,298 Thread 0x00007fc3c0879800 Uncommon trap: trap_request=0xffffff5c fr.pc=0x00007fc3b03f5290 relative=0x0000000000000070
Event: 0,298 Thread 0x00007fc3c0879800 Uncommon trap: reason=speculate_null_assert action=make_not_entrant pc=0x00007fc3b03f5290 method=sun.misc.Unsafe.putLong(Ljava/lang/Object;JJ)V @ 7 c2
Event: 0,298 Thread 0x00007fc3c0879800 DEOPT PACKING pc=0x00007fc3b03f5290 sp=0x00007fc3946324a0
Event: 0,298 Thread 0x00007fc3c0879800 DEOPT UNPACKING pc=0x00007fc3a8935aa5 sp=0x00007fc394632438 mode 2
Event: 0,300 Thread 0x00007fc3c0879800 Uncommon trap: trap_request=0xffffff5c fr.pc=0x00007fc3b03f6988 relative=0x0000000000000068
Event: 0,300 Thread 0x00007fc3c0879800 Uncommon trap: reason=speculate_null_assert action=make_not_entrant pc=0x00007fc3b03f6988 method=sun.misc.Unsafe.getLong(Ljava/lang/Object;J)J @ 5 c2
Event: 0,300 Thread 0x00007fc3c0879800 DEOPT PACKING pc=0x00007fc3b03f6988 sp=0x00007fc394632550
Event: 0,300 Thread 0x00007fc3c0879800 DEOPT UNPACKING pc=0x00007fc3a8935aa5 sp=0x00007fc3946324f8 mode 2

Classes redefined (0 events):
No events

Internal exceptions (9 events):
Event: 0,076 Thread 0x00007fc3c0016000 Exception <a 'java/lang/NoSuchMethodError'{0x000000071690ab98}: 'void java.lang.invoke.DelegatingMethodHandle$Holder.delegate(java.lang.Object, java.lang.Object, int, java.lang.Object)'> (0x000000071690ab98) thrown at [src/hotspot/share/interpreter/linkResolver.cpp, line 772]
Event: 0,077 Thread 0x00007fc3c0016000 Exception <a 'java/lang/NoSuchMethodError'{0x0000000716912008}: 'java.lang.Object java.lang.invoke.DirectMethodHandle$Holder.invokeStaticInit(java.lang.Object, java.lang.Object, java.lang.Object)'> (0x0000000716912008) thrown at [src/hotspot/share/interpreter/linkResolver.cpp, line 772]
Event: 0,095 Thread 0x00007fc3c0016000 Exception <a 'sun/nio/fs/UnixException'{0x0000000716970b98}> (0x0000000716970b98) thrown at [src/hotspot/share/prims/jni.cpp, line 615]
Event: 0,122 Thread 0x00007fc3c0016000 Exception <a 'sun/nio/fs/UnixException'{0x00000007168cbe50}> (0x00000007168cbe50) thrown at [src/hotspot/share/prims/jni.cpp, line 615]
Event: 0,262 Thread 0x00007fc3c0879800 Exception <a 'sun/nio/fs/UnixException'{0x0000000716637558}> (0x0000000716637558) thrown at [src/hotspot/share/prims/jni.cpp, line 615]
Event: 0,266 Thread 0x00007fc3c0879800 Exception <a 'sun/nio/fs/UnixException'{0x0000000716652b40}> (0x0000000716652b40) thrown at [src/hotspot/share/prims/jni.cpp, line 615]
Event: 0,437 Thread 0x00007fc3c0879800 Exception <a 'sun/nio/fs/UnixException'{0x0000000715d77120}> (0x0000000715d77120) thrown at [src/hotspot/share/prims/jni.cpp, line 615]
Event: 5,147 Thread 0x00007fc3c0016000 JVM_StopThread thread JavaThread 0x00007fc3c0879800 as oop 0x00000007167f33f0 [exception 0x00007fc3c798e930]
Event: 5,147 Thread 0x00007fc3c0879800 Exception <a 'java/lang/ThreadDeath'{0x00000007167f86c8}: sleep interrupted> (0x00000007167f86c8) thrown at [src/hotspot/share/prims/jvm.cpp, line 3107]

Events (20 events):
Event: 0,808 Loaded shared library /tmp/lwjglaristide/3.2.3-build-13/liblwjgl_opengl.so
Event: 0,838 Thread 0x00007fc36c0ec800 Thread exited: 0x00007fc36c0ec800
Event: 0,910 Loaded shared library /tmp/lwjglaristide/3.2.3-build-13/liblwjgl_opengl.so
Event: 1,083 Loaded shared library /tmp/lwjglaristide/3.2.3-build-13/liblwjgl_opengl.so
Event: 1,174 Loaded shared library /tmp/lwjglaristide/3.2.3-build-13/liblwjgl_opengl.so
Event: 1,297 Loaded shared library /tmp/lwjglaristide/3.2.3-build-13/liblwjgl_opengl.so
Event: 1,297 Loaded shared library /tmp/lwjglaristide/3.2.3-build-13/liblwjgl_opengl.so
Event: 1,297 Loaded shared library /tmp/lwjglaristide/3.2.3-build-13/liblwjgl_opengl.so
Event: 1,297 Loaded shared library /tmp/lwjglaristide/3.2.3-build-13/liblwjgl_opengl.so
Event: 1,603 Loaded shared library /tmp/lwjglaristide/3.2.3-build-13/liblwjgl_opengl.so
Event: 1,948 Loaded shared library /tmp/lwjglaristide/3.2.3-build-13/liblwjgl_opengl.so
Event: 2,121 Loaded shared library /tmp/lwjglaristide/3.2.3-build-13/liblwjgl.so
Event: 3,240 Loaded shared library /tmp/lwjglaristide/3.2.3-build-13/liblwjgl.so
Event: 3,250 Loaded shared library /tmp/lwjglaristide/3.2.3-build-13/liblwjgl_opengl.so
Event: 4,550 Loaded shared library /usr/lib/jvm/java-11-openjdk-amd64/lib/server/libjvm.so
Event: 5,147 Executing VM operation: ThreadStop
Event: 5,147 Executing VM operation: ThreadStop done
Event: 5,147 Executing VM operation: RevokeBias
Event: 5,147 Executing VM operation: RevokeBias done
Event: 5,148 Thread 0x00007fc3c0879800 Thread exited: 0x00007fc3c0879800


Dynamic libraries:
4050f000-405be000 rw-p 00000000 00:00 0 
41129000-4112b000 r-xs 00000000 08:07 1310878                            /tmp/.glwB4fll (deleted)
707200000-716c00000 rw-p 00000000 00:00 0 
716c00000-7bfe00000 ---p 00000000 00:00 0 
7bfe00000-7bfe47000 rw-p 0110b000 08:07 1573101                          /usr/lib/jvm/java-11-openjdk-amd64/lib/server/classes.jsa
7bfe47000-7bff00000 rw-p 00000000 00:00 0 
7bff00000-7bff6a000 rw-p 010a1000 08:07 1573101                          /usr/lib/jvm/java-11-openjdk-amd64/lib/server/classes.jsa
7bff6a000-7c0000000 rw-p 00000000 00:00 0 
7c0000000-800000000 ---p 00000000 00:00 0 
800000000-800002000 rwxp 00001000 08:07 1573101                          /usr/lib/jvm/java-11-openjdk-amd64/lib/server/classes.jsa
800002000-8003b8000 rw-p 00003000 08:07 1573101                          /usr/lib/jvm/java-11-openjdk-amd64/lib/server/classes.jsa
8003b8000-800a93000 r--p 003b9000 08:07 1573101                          /usr/lib/jvm/java-11-openjdk-amd64/lib/server/classes.jsa
800a93000-800a94000 rw-p 00a94000 08:07 1573101                          /usr/lib/jvm/java-11-openjdk-amd64/lib/server/classes.jsa
800a94000-8010a0000 r--p 00a95000 08:07 1573101                          /usr/lib/jvm/java-11-openjdk-amd64/lib/server/classes.jsa
840000000-8400a0000 rw-p 00000000 00:00 0 
8400a0000-880000000 ---p 00000000 00:00 0 
557c09001000-557c09002000 r--p 00000000 08:07 6423417                    /usr/lib/jvm/java-11-openjdk-amd64/bin/java
557c09002000-557c09003000 r-xp 00001000 08:07 6423417                    /usr/lib/jvm/java-11-openjdk-amd64/bin/java
557c09003000-557c09004000 r--p 00002000 08:07 6423417                    /usr/lib/jvm/java-11-openjdk-amd64/bin/java
557c09004000-557c09005000 r--p 00002000 08:07 6423417                    /usr/lib/jvm/java-11-openjdk-amd64/bin/java
557c09005000-557c09006000 rw-p 00003000 08:07 6423417                    /usr/lib/jvm/java-11-openjdk-amd64/bin/java
557c0a946000-557c0a967000 rw-p 00000000 00:00 0                          [heap]
7fc350000000-7fc350088000 rw-p 00000000 00:00 0 
7fc350088000-7fc354000000 ---p 00000000 00:00 0 
7fc358000000-7fc35a841000 rw-p 00000000 00:00 0 
7fc35a841000-7fc35c000000 ---p 00000000 00:00 0 
7fc35c000000-7fc35c021000 rw-p 00000000 00:00 0 
7fc35c021000-7fc360000000 ---p 00000000 00:00 0 
7fc360629000-7fc360a29000 rw-s 00000000 00:06 587                        /dev/nvidiactl
7fc360e29000-7fc361229000 rw-s 00000000 00:06 587                        /dev/nvidiactl
7fc361229000-7fc36162a000 rw-p 00000000 00:00 0 
7fc36182c000-7fc361c2c000 rw-s 00000000 00:06 587                        /dev/nvidiactl
7fc361c2c000-7fc361e2c000 rw-s 00000000 00:06 587                        /dev/nvidiactl
7fc361e2c000-7fc361eac000 rw-p 00000000 00:00 0 
7fc361eac000-7fc36202c000 ---p 00000000 00:00 0 
7fc36202c000-7fc36208b000 r-xp 00000000 08:07 1443989                    /tmp/lwjglaristide/3.2.3-build-13/liblwjgl_stb.so
7fc36208b000-7fc36228a000 ---p 0005f000 08:07 1443989                    /tmp/lwjglaristide/3.2.3-build-13/liblwjgl_stb.so
7fc36228a000-7fc36228b000 r--p 0005e000 08:07 1443989                    /tmp/lwjglaristide/3.2.3-build-13/liblwjgl_stb.so
7fc36228b000-7fc36228c000 rw-p 0005f000 08:07 1443989                    /tmp/lwjglaristide/3.2.3-build-13/liblwjgl_stb.so
7fc36228c000-7fc36228d000 rw-p 00000000 00:00 0 
7fc36228d000-7fc36356b000 r-xp 00000000 08:07 6292751                    /usr/lib/x86_64-linux-gnu/libnvidia-glcore.so.440.64
7fc36356b000-7fc36358c000 rwxp 012de000 08:07 6292751                    /usr/lib/x86_64-linux-gnu/libnvidia-glcore.so.440.64
7fc36358c000-7fc363a9f000 r-xp 012ff000 08:07 6292751                    /usr/lib/x86_64-linux-gnu/libnvidia-glcore.so.440.64
7fc363a9f000-7fc363c9e000 ---p 01812000 08:07 6292751                    /usr/lib/x86_64-linux-gnu/libnvidia-glcore.so.440.64
7fc363c9e000-7fc363fe3000 rw-p 01811000 08:07 6292751                    /usr/lib/x86_64-linux-gnu/libnvidia-glcore.so.440.64
7fc363fe3000-7fc364000000 rw-p 00000000 00:00 0 
7fc364000000-7fc364021000 rw-p 00000000 00:00 0 
7fc364021000-7fc368000000 ---p 00000000 00:00 0 
7fc368000000-7fc368021000 rw-p 00000000 00:00 0 
7fc368021000-7fc36c000000 ---p 00000000 00:00 0 
7fc36c000000-7fc36c398000 rw-p 00000000 00:00 0 
7fc36c398000-7fc370000000 ---p 00000000 00:00 0 
7fc370000000-7fc370021000 rw-p 00000000 00:00 0 
7fc370021000-7fc374000000 ---p 00000000 00:00 0 
7fc374000000-7fc374021000 rw-p 00000000 00:00 0 
7fc374021000-7fc378000000 ---p 00000000 00:00 0 
7fc378000000-7fc378218000 rw-p 00000000 00:00 0 
7fc378218000-7fc37c000000 ---p 00000000 00:00 0 
7fc37c000000-7fc37c021000 rw-p 00000000 00:00 0 
7fc37c021000-7fc380000000 ---p 00000000 00:00 0 
7fc380000000-7fc380021000 rw-p 00000000 00:00 0 
7fc380021000-7fc384000000 ---p 00000000 00:00 0 
7fc384000000-7fc384021000 rw-p 00000000 00:00 0 
7fc384021000-7fc388000000 ---p 00000000 00:00 0 
7fc388000000-7fc388029000 rw-p 00000000 00:00 0 
7fc388029000-7fc38c000000 ---p 00000000 00:00 0 
7fc38c000000-7fc38c021000 rw-p 00000000 00:00 0 
7fc38c021000-7fc390000000 ---p 00000000 00:00 0 
7fc390000000-7fc390021000 rw-p 00000000 00:00 0 
7fc390021000-7fc394000000 ---p 00000000 00:00 0 
7fc394019000-7fc39401d000 ---p 00000000 00:00 0 
7fc39401d000-7fc39411a000 rw-p 00000000 00:00 0 
7fc39411a000-7fc394172000 r-xp 00000000 08:07 1443988                    /tmp/lwjglaristide/3.2.3-build-13/liblwjgl_opengl.so
7fc394172000-7fc394371000 ---p 00058000 08:07 1443988                    /tmp/lwjglaristide/3.2.3-build-13/liblwjgl_opengl.so
7fc394371000-7fc394372000 r--p 00057000 08:07 1443988                    /tmp/lwjglaristide/3.2.3-build-13/liblwjgl_opengl.so
7fc394372000-7fc394373000 rw-p 00058000 08:07 1443988                    /tmp/lwjglaristide/3.2.3-build-13/liblwjgl_opengl.so
7fc3943f3000-7fc394473000 rw-s 00000000 00:06 587                        /dev/nvidiactl
7fc394473000-7fc3944b3000 rw-s 00000000 00:06 587                        /dev/nvidiactl
7fc3944b3000-7fc3944d3000 rw-s 00000000 00:06 587                        /dev/nvidiactl
7fc3944d3000-7fc394513000 rw-s 00000000 00:06 587                        /dev/nvidiactl
7fc394533000-7fc394537000 ---p 00000000 00:00 0 
7fc394537000-7fc394634000 rw-p 00000000 00:00 0 
7fc394634000-7fc394637000 r--p 00000000 08:07 6300195                    /usr/lib/x86_64-linux-gnu/libxcb-sync.so.1.0.0
7fc394637000-7fc39463a000 r-xp 00003000 08:07 6300195                    /usr/lib/x86_64-linux-gnu/libxcb-sync.so.1.0.0
7fc39463a000-7fc39463b000 r--p 00006000 08:07 6300195                    /usr/lib/x86_64-linux-gnu/libxcb-sync.so.1.0.0
7fc39463b000-7fc39463c000 ---p 00007000 08:07 6300195                    /usr/lib/x86_64-linux-gnu/libxcb-sync.so.1.0.0
7fc39463c000-7fc39463d000 r--p 00007000 08:07 6300195                    /usr/lib/x86_64-linux-gnu/libxcb-sync.so.1.0.0
7fc39463d000-7fc39463e000 rw-p 00008000 08:07 6300195                    /usr/lib/x86_64-linux-gnu/libxcb-sync.so.1.0.0
7fc39463e000-7fc39463f000 r--p 00000000 08:07 6299976                    /usr/lib/x86_64-linux-gnu/libxcb-present.so.0.0.0
7fc39463f000-7fc394640000 r-xp 00001000 08:07 6299976                    /usr/lib/x86_64-linux-gnu/libxcb-present.so.0.0.0
7fc394640000-7fc394641000 r--p 00002000 08:07 6299976                    /usr/lib/x86_64-linux-gnu/libxcb-present.so.0.0.0
7fc394641000-7fc394642000 r--p 00002000 08:07 6299976                    /usr/lib/x86_64-linux-gnu/libxcb-present.so.0.0.0
7fc394642000-7fc394643000 rw-p 00003000 08:07 6299976                    /usr/lib/x86_64-linux-gnu/libxcb-present.so.0.0.0
7fc394643000-7fc394645000 r--p 00000000 08:07 6299822                    /usr/lib/x86_64-linux-gnu/libxcb-dri3.so.0.0.0
7fc394645000-7fc394646000 r-xp 00002000 08:07 6299822                    /usr/lib/x86_64-linux-gnu/libxcb-dri3.so.0.0.0
7fc394646000-7fc394647000 r--p 00003000 08:07 6299822                    /usr/lib/x86_64-linux-gnu/libxcb-dri3.so.0.0.0
7fc394647000-7fc394648000 r--p 00003000 08:07 6299822                    /usr/lib/x86_64-linux-gnu/libxcb-dri3.so.0.0.0
7fc394648000-7fc394649000 rw-p 00004000 08:07 6299822                    /usr/lib/x86_64-linux-gnu/libxcb-dri3.so.0.0.0
7fc394649000-7fc394654000 r--p 00000000 08:07 6299932                    /usr/lib/x86_64-linux-gnu/libxcb-glx.so.0.0.0
7fc394654000-7fc39465d000 r-xp 0000b000 08:07 6299932                    /usr/lib/x86_64-linux-gnu/libxcb-glx.so.0.0.0
7fc39465d000-7fc394662000 r--p 00014000 08:07 6299932                    /usr/lib/x86_64-linux-gnu/libxcb-glx.so.0.0.0
7fc394662000-7fc394663000 ---p 00019000 08:07 6299932                    /usr/lib/x86_64-linux-gnu/libxcb-glx.so.0.0.0
7fc394663000-7fc394665000 r--p 00019000 08:07 6299932                    /usr/lib/x86_64-linux-gnu/libxcb-glx.so.0.0.0
7fc394665000-7fc394666000 rw-p 0001b000 08:07 6299932                    /usr/lib/x86_64-linux-gnu/libxcb-glx.so.0.0.0
7fc394669000-7fc39466d000 rw-s 00000000 00:06 587                        /dev/nvidiactl
7fc39466d000-7fc394680000 rw-s 00000000 00:06 587                        /dev/nvidiactl
7fc394680000-7fc394681000 rw-s 00000000 00:06 588                        /dev/nvidia0
7fc394681000-7fc394683000 rw-s 00000000 00:06 587                        /dev/nvidiactl
7fc394683000-7fc394684000 rw-s 00000000 00:06 588                        /dev/nvidia0
7fc394684000-7fc394685000 rw-s 00000000 00:06 588                        /dev/nvidia0
7fc394685000-7fc394686000 rw-s 00000000 00:06 587                        /dev/nvidiactl
7fc394686000-7fc394687000 rw-s 00000000 00:06 587                        /dev/nvidiactl
7fc394687000-7fc394707000 rw-s 00000000 00:06 587                        /dev/nvidiactl
7fc394707000-7fc394807000 rw-s 00000000 00:06 587                        /dev/nvidiactl
7fc394807000-7fc39481a000 rw-s 00000000 00:06 587                        /dev/nvidiactl
7fc39481a000-7fc39485a000 rw-s 00000000 00:06 587                        /dev/nvidiactl
7fc39485a000-7fc39487a000 rw-s 00000000 00:06 587                        /dev/nvidiactl
7fc39487a000-7fc3948ba000 rw-s 00000000 00:06 587                        /dev/nvidiactl
7fc3948ba000-7fc394a5f000 rw-s 00000000 00:06 587                        /dev/nvidiactl
7fc394a5f000-7fc394a62000 r-xp 00000000 08:07 6293224                    /usr/lib/x86_64-linux-gnu/libnvidia-tls.so.440.64
7fc394a62000-7fc394c62000 ---p 00003000 08:07 6293224                    /usr/lib/x86_64-linux-gnu/libnvidia-tls.so.440.64
7fc394c62000-7fc394c63000 rw-p 00003000 08:07 6293224                    /usr/lib/x86_64-linux-gnu/libnvidia-tls.so.440.64
7fc394c63000-7fc394d0c000 r-xp 00000000 08:07 6292599                    /usr/lib/x86_64-linux-gnu/libGLX_nvidia.so.440.64
7fc394d0c000-7fc394d41000 rwxp 000a9000 08:07 6292599                    /usr/lib/x86_64-linux-gnu/libGLX_nvidia.so.440.64
7fc394d41000-7fc394d50000 r-xp 000de000 08:07 6292599                    /usr/lib/x86_64-linux-gnu/libGLX_nvidia.so.440.64
7fc394d50000-7fc394f4f000 ---p 000ed000 08:07 6292599                    /usr/lib/x86_64-linux-gnu/libGLX_nvidia.so.440.64
7fc394f4f000-7fc394f73000 rw-p 000ec000 08:07 6292599                    /usr/lib/x86_64-linux-gnu/libGLX_nvidia.so.440.64
7fc394f73000-7fc394f75000 rw-p 00000000 00:00 0 
7fc394f75000-7fc394f78000 r--p 00000000 08:07 6294293                    /usr/lib/x86_64-linux-gnu/libGLX.so.0.0.0
7fc394f78000-7fc394f93000 r-xp 00003000 08:07 6294293                    /usr/lib/x86_64-linux-gnu/libGLX.so.0.0.0
7fc394f93000-7fc394f97000 r--p 0001e000 08:07 6294293                    /usr/lib/x86_64-linux-gnu/libGLX.so.0.0.0
7fc394f97000-7fc394f98000 r--p 00021000 08:07 6294293                    /usr/lib/x86_64-linux-gnu/libGLX.so.0.0.0
7fc394f98000-7fc394f99000 rw-p 00022000 08:07 6294293                    /usr/lib/x86_64-linux-gnu/libGLX.so.0.0.0
7fc394f99000-7fc394fa9000 rw-p 00000000 00:00 0 
7fc394fa9000-7fc394fe9000 r--p 00000000 08:07 6299797                    /usr/lib/x86_64-linux-gnu/libGLdispatch.so.0.0.0
7fc394fe9000-7fc394fec000 r-xp 00040000 08:07 6299797                    /usr/lib/x86_64-linux-gnu/libGLdispatch.so.0.0.0
7fc394fec000-7fc395027000 r-xp 00043000 08:07 6299797                    /usr/lib/x86_64-linux-gnu/libGLdispatch.so.0.0.0
7fc395027000-7fc395028000 r-xp 0007e000 08:07 6299797                    /usr/lib/x86_64-linux-gnu/libGLdispatch.so.0.0.0
7fc395028000-7fc39503c000 r--p 0007f000 08:07 6299797                    /usr/lib/x86_64-linux-gnu/libGLdispatch.so.0.0.0
7fc39503c000-7fc395058000 r--p 00092000 08:07 6299797                    /usr/lib/x86_64-linux-gnu/libGLdispatch.so.0.0.0
7fc395058000-7fc395059000 rw-p 000ae000 08:07 6299797                    /usr/lib/x86_64-linux-gnu/libGLdispatch.so.0.0.0
7fc395059000-7fc395061000 rw-p 00000000 00:00 0 
7fc395061000-7fc3950a4000 r--p 00000000 08:07 6293055                    /usr/lib/x86_64-linux-gnu/libGL.so.1.7.0
7fc3950a4000-7fc3950a8000 r-xp 00043000 08:07 6293055                    /usr/lib/x86_64-linux-gnu/libGL.so.1.7.0
7fc3950a8000-7fc3950c3000 r-xp 00047000 08:07 6293055                    /usr/lib/x86_64-linux-gnu/libGL.so.1.7.0
7fc3950c3000-7fc3950c4000 r-xp 00062000 08:07 6293055                    /usr/lib/x86_64-linux-gnu/libGL.so.1.7.0
7fc3950c4000-7fc3950d9000 r--p 00063000 08:07 6293055                    /usr/lib/x86_64-linux-gnu/libGL.so.1.7.0
7fc3950d9000-7fc3950e7000 r--p 00077000 08:07 6293055                    /usr/lib/x86_64-linux-gnu/libGL.so.1.7.0
7fc3950e7000-7fc3950e8000 rw-p 00085000 08:07 6293055                    /usr/lib/x86_64-linux-gnu/libGL.so.1.7.0
7fc3950e8000-7fc3950e9000 rw-p 00000000 00:00 0 
7fc3950e9000-7fc3950ea000 r-xp 00000000 00:00 0 
7fc39510a000-7fc39510b000 r--p 00000000 08:07 6292319                    /usr/lib/x86_64-linux-gnu/libX11-xcb.so.1.0.0
7fc39510b000-7fc39510c000 r-xp 00001000 08:07 6292319                    /usr/lib/x86_64-linux-gnu/libX11-xcb.so.1.0.0
7fc39510c000-7fc39510d000 r--p 00002000 08:07 6292319                    /usr/lib/x86_64-linux-gnu/libX11-xcb.so.1.0.0
7fc39510d000-7fc39510e000 r--p 00002000 08:07 6292319                    /usr/lib/x86_64-linux-gnu/libX11-xcb.so.1.0.0
7fc39510e000-7fc39510f000 rw-p 00003000 08:07 6292319                    /usr/lib/x86_64-linux-gnu/libX11-xcb.so.1.0.0
7fc39534a000-7fc39534e000 r--p 00000000 08:07 6299842                    /usr/lib/x86_64-linux-gnu/libXext.so.6.4.0
7fc39534e000-7fc395359000 r-xp 00004000 08:07 6299842                    /usr/lib/x86_64-linux-gnu/libXext.so.6.4.0
7fc395359000-7fc39535d000 r--p 0000f000 08:07 6299842                    /usr/lib/x86_64-linux-gnu/libXext.so.6.4.0
7fc39535d000-7fc39535e000 r--p 00012000 08:07 6299842                    /usr/lib/x86_64-linux-gnu/libXext.so.6.4.0
7fc39535e000-7fc39535f000 rw-p 00013000 08:07 6299842                    /usr/lib/x86_64-linux-gnu/libXext.so.6.4.0
7fc39535f000-7fc3953a2000 r-xp 00000000 08:07 1443987                    /tmp/lwjglaristide/3.2.3-build-13/libglfw.so
7fc3953a2000-7fc3955a1000 ---p 00043000 08:07 1443987                    /tmp/lwjglaristide/3.2.3-build-13/libglfw.so
7fc3955a1000-7fc3955a2000 r--p 00042000 08:07 1443987                    /tmp/lwjglaristide/3.2.3-build-13/libglfw.so
7fc3955a2000-7fc3955a4000 rw-p 00043000 08:07 1443987                    /tmp/lwjglaristide/3.2.3-build-13/libglfw.so
7fc3955a4000-7fc3955c5000 rw-p 00000000 00:00 0 
7fc3955c5000-7fc395616000 r-xp 00000000 08:07 1443978                    /tmp/lwjglaristide/3.2.3-build-13/liblwjgl.so
7fc395616000-7fc395815000 ---p 00051000 08:07 1443978                    /tmp/lwjglaristide/3.2.3-build-13/liblwjgl.so
7fc395815000-7fc395816000 r--p 00050000 08:07 1443978                    /tmp/lwjglaristide/3.2.3-build-13/liblwjgl.so
7fc395816000-7fc395817000 rw-p 00051000 08:07 1443978                    /tmp/lwjglaristide/3.2.3-build-13/liblwjgl.so
7fc395817000-7fc396000000 r--p 00000000 08:07 6296902                    /usr/lib/locale/locale-archive
7fc396000000-7fc398000000 rw-p 00000000 00:00 0 
7fc398000000-7fc398021000 rw-p 00000000 00:00 0 
7fc398021000-7fc39c000000 ---p 00000000 00:00 0 
7fc39c000000-7fc39c004000 rw-s 00000000 00:06 587                        /dev/nvidiactl
7fc39c00c000-7fc39c010000 r--p 00000000 08:07 6300002                    /usr/lib/x86_64-linux-gnu/libbsd.so.0.10.0
7fc39c010000-7fc39c01f000 r-xp 00004000 08:07 6300002                    /usr/lib/x86_64-linux-gnu/libbsd.so.0.10.0
7fc39c01f000-7fc39c022000 r--p 00013000 08:07 6300002                    /usr/lib/x86_64-linux-gnu/libbsd.so.0.10.0
7fc39c022000-7fc39c023000 ---p 00016000 08:07 6300002                    /usr/lib/x86_64-linux-gnu/libbsd.so.0.10.0
7fc39c023000-7fc39c024000 r--p 00016000 08:07 6300002                    /usr/lib/x86_64-linux-gnu/libbsd.so.0.10.0
7fc39c024000-7fc39c025000 rw-p 00017000 08:07 6300002                    /usr/lib/x86_64-linux-gnu/libbsd.so.0.10.0
7fc39c025000-7fc39c026000 rw-p 00000000 00:00 0 
7fc39c026000-7fc39c031000 r--p 00000000 08:07 6296446                    /usr/lib/x86_64-linux-gnu/libxcb.so.1.1.0
7fc39c031000-7fc39c045000 r-xp 0000b000 08:07 6296446                    /usr/lib/x86_64-linux-gnu/libxcb.so.1.1.0
7fc39c045000-7fc39c04e000 r--p 0001f000 08:07 6296446                    /usr/lib/x86_64-linux-gnu/libxcb.so.1.1.0
7fc39c04e000-7fc39c04f000 r--p 00027000 08:07 6296446                    /usr/lib/x86_64-linux-gnu/libxcb.so.1.1.0
7fc39c04f000-7fc39c050000 rw-p 00028000 08:07 6296446                    /usr/lib/x86_64-linux-gnu/libxcb.so.1.1.0
7fc39c050000-7fc39c068000 r--p 00000000 08:07 6296448                    /usr/lib/x86_64-linux-gnu/libX11.so.6.3.0
7fc39c068000-7fc39c0f3000 r-xp 00018000 08:07 6296448                    /usr/lib/x86_64-linux-gnu/libX11.so.6.3.0
7fc39c0f3000-7fc39c187000 r--p 000a3000 08:07 6296448                    /usr/lib/x86_64-linux-gnu/libX11.so.6.3.0
7fc39c187000-7fc39c188000 ---p 00137000 08:07 6296448                    /usr/lib/x86_64-linux-gnu/libX11.so.6.3.0
7fc39c188000-7fc39c189000 r--p 00137000 08:07 6296448                    /usr/lib/x86_64-linux-gnu/libX11.so.6.3.0
7fc39c189000-7fc39c18d000 rw-p 00138000 08:07 6296448                    /usr/lib/x86_64-linux-gnu/libX11.so.6.3.0
7fc39c18d000-7fc39c191000 ---p 00000000 00:00 0 
7fc39c191000-7fc39c28e000 rw-p 00000000 00:00 0 
7fc39c28e000-7fc39c28f000 ---p 00000000 00:00 0 
7fc39c28f000-7fc39c778000 rw-p 00000000 00:00 0 
7fc39c778000-7fc39f1c0000 ---p 00000000 00:00 0 
7fc39f1c0000-7fc39f1c8000 rw-p 00000000 00:00 0 
7fc39f1c8000-7fc3a01c8000 ---p 00000000 00:00 0 
7fc3a01c8000-7fc3a05b0000 rw-p 00000000 00:00 0 
7fc3a05b0000-7fc3a2ff8000 ---p 00000000 00:00 0 
7fc3a2ff8000-7fc3a3000000 rw-p 00000000 00:00 0 
7fc3a3000000-7fc3a4000000 ---p 00000000 00:00 0 
7fc3a4000000-7fc3a4021000 rw-p 00000000 00:00 0 
7fc3a4021000-7fc3a8000000 ---p 00000000 00:00 0 
7fc3a800a000-7fc3a800c000 r--p 00000000 08:07 6299840                    /usr/lib/x86_64-linux-gnu/libXdmcp.so.6.0.0
7fc3a800c000-7fc3a800e000 r-xp 00002000 08:07 6299840                    /usr/lib/x86_64-linux-gnu/libXdmcp.so.6.0.0
7fc3a800e000-7fc3a8010000 r--p 00004000 08:07 6299840                    /usr/lib/x86_64-linux-gnu/libXdmcp.so.6.0.0
7fc3a8010000-7fc3a8011000 r--p 00005000 08:07 6299840                    /usr/lib/x86_64-linux-gnu/libXdmcp.so.6.0.0
7fc3a8011000-7fc3a8012000 rw-p 00006000 08:07 6299840                    /usr/lib/x86_64-linux-gnu/libXdmcp.so.6.0.0
7fc3a8012000-7fc3a8013000 r--p 00000000 08:07 6299829                    /usr/lib/x86_64-linux-gnu/libXau.so.6.0.0
7fc3a8013000-7fc3a8015000 r-xp 00001000 08:07 6299829                    /usr/lib/x86_64-linux-gnu/libXau.so.6.0.0
7fc3a8015000-7fc3a8016000 r--p 00003000 08:07 6299829                    /usr/lib/x86_64-linux-gnu/libXau.so.6.0.0
7fc3a8016000-7fc3a8017000 r--p 00003000 08:07 6299829                    /usr/lib/x86_64-linux-gnu/libXau.so.6.0.0
7fc3a8017000-7fc3a8018000 rw-p 00004000 08:07 6299829                    /usr/lib/x86_64-linux-gnu/libXau.so.6.0.0
7fc3a8018000-7fc3a801a000 rw-s 00000000 08:07 1310878                    /tmp/.glwB4fll (deleted)
7fc3a801a000-7fc3a801e000 rw-s 00000000 00:06 587                        /dev/nvidiactl
7fc3a801e000-7fc3a8022000 r--p 00000000 08:07 6296490                    /usr/lib/x86_64-linux-gnu/libdrm.so.2.4.0
7fc3a8022000-7fc3a802c000 r-xp 00004000 08:07 6296490                    /usr/lib/x86_64-linux-gnu/libdrm.so.2.4.0
7fc3a802c000-7fc3a802f000 r--p 0000e000 08:07 6296490                    /usr/lib/x86_64-linux-gnu/libdrm.so.2.4.0
7fc3a802f000-7fc3a8030000 ---p 00011000 08:07 6296490                    /usr/lib/x86_64-linux-gnu/libdrm.so.2.4.0
7fc3a8030000-7fc3a8031000 r--p 00011000 08:07 6296490                    /usr/lib/x86_64-linux-gnu/libdrm.so.2.4.0
7fc3a8031000-7fc3a8032000 rw-p 00012000 08:07 6296490                    /usr/lib/x86_64-linux-gnu/libdrm.so.2.4.0
7fc3a8032000-7fc3a8039000 r--s 00000000 08:07 398955                     /usr/lib/x86_64-linux-gnu/gconv/gconv-modules.cache
7fc3a8039000-7fc3a806a000 rw-p 00000000 00:00 0 
7fc3a806a000-7fc3a806e000 r--p 00000000 08:07 1052902                    /usr/lib/jvm/java-11-openjdk-amd64/lib/libnet.so
7fc3a806e000-7fc3a807d000 r-xp 00004000 08:07 1052902                    /usr/lib/jvm/java-11-openjdk-amd64/lib/libnet.so
7fc3a807d000-7fc3a8081000 r--p 00013000 08:07 1052902                    /usr/lib/jvm/java-11-openjdk-amd64/lib/libnet.so
7fc3a8081000-7fc3a8082000 r--p 00016000 08:07 1052902                    /usr/lib/jvm/java-11-openjdk-amd64/lib/libnet.so
7fc3a8082000-7fc3a8083000 rw-p 00017000 08:07 1052902                    /usr/lib/jvm/java-11-openjdk-amd64/lib/libnet.so
7fc3a8083000-7fc3a8087000 ---p 00000000 00:00 0 
7fc3a8087000-7fc3a8184000 rw-p 00000000 00:00 0 
7fc3a8184000-7fc3a8188000 ---p 00000000 00:00 0 
7fc3a8188000-7fc3a8285000 rw-p 00000000 00:00 0 
7fc3a8285000-7fc3a8289000 ---p 00000000 00:00 0 
7fc3a8289000-7fc3a8386000 rw-p 00000000 00:00 0 
7fc3a8386000-7fc3a838a000 ---p 00000000 00:00 0 
7fc3a838a000-7fc3a8487000 rw-p 00000000 00:00 0 
7fc3a8487000-7fc3a848b000 ---p 00000000 00:00 0 
7fc3a848b000-7fc3a8588000 rw-p 00000000 00:00 0 
7fc3a8588000-7fc3a858c000 ---p 00000000 00:00 0 
7fc3a858c000-7fc3a8689000 rw-p 00000000 00:00 0 
7fc3a8689000-7fc3a868d000 ---p 00000000 00:00 0 
7fc3a868d000-7fc3a878a000 rw-p 00000000 00:00 0 
7fc3a878a000-7fc3a878b000 ---p 00000000 00:00 0 
7fc3a878b000-7fc3a890d000 rw-p 00000000 00:00 0 
7fc3a890d000-7fc3a8b7d000 rwxp 00000000 00:00 0 
7fc3a8b7d000-7fc3a8e9e000 ---p 00000000 00:00 0 
7fc3a8e9e000-7fc3a910e000 rwxp 00000000 00:00 0 
7fc3a910e000-7fc3b03d5000 ---p 00000000 00:00 0 
7fc3b03d5000-7fc3b0645000 rwxp 00000000 00:00 0 
7fc3b0645000-7fc3b790d000 ---p 00000000 00:00 0 
7fc3b790d000-7fc3c0000000 r--s 00000000 08:07 1053169                    /usr/lib/jvm/java-11-openjdk-amd64/lib/modules
7fc3c0000000-7fc3c0890000 rw-p 00000000 00:00 0 
7fc3c0890000-7fc3c4000000 ---p 00000000 00:00 0 
7fc3c4000000-7fc3c4001000 r-xp 00000000 00:00 0 
7fc3c4001000-7fc3c4002000 rw-s 00000000 00:06 588                        /dev/nvidia0
7fc3c4002000-7fc3c4009000 r--p 00000000 08:07 1053160                    /usr/lib/jvm/java-11-openjdk-amd64/lib/libnio.so
7fc3c4009000-7fc3c4011000 r-xp 00007000 08:07 1053160                    /usr/lib/jvm/java-11-openjdk-amd64/lib/libnio.so
7fc3c4011000-7fc3c4014000 r--p 0000f000 08:07 1053160                    /usr/lib/jvm/java-11-openjdk-amd64/lib/libnio.so
7fc3c4014000-7fc3c4015000 r--p 00011000 08:07 1053160                    /usr/lib/jvm/java-11-openjdk-amd64/lib/libnio.so
7fc3c4015000-7fc3c4016000 rw-p 00012000 08:07 1053160                    /usr/lib/jvm/java-11-openjdk-amd64/lib/libnio.so
7fc3c4016000-7fc3c4899000 rw-p 00000000 00:00 0 
7fc3c4899000-7fc3c48db000 rw-p 00000000 00:00 0 
7fc3c48db000-7fc3c48dc000 ---p 00000000 00:00 0 
7fc3c48dc000-7fc3c49dd000 rw-p 00000000 00:00 0 
7fc3c49dd000-7fc3c49de000 ---p 00000000 00:00 0 
7fc3c49de000-7fc3c52e7000 rw-p 00000000 00:00 0 
7fc3c52e7000-7fc3c52e8000 ---p 00000000 00:00 0 
7fc3c52e8000-7fc3c53e9000 rw-p 00000000 00:00 0 
7fc3c53e9000-7fc3c53ea000 ---p 00000000 00:00 0 
7fc3c53ea000-7fc3c5669000 rw-p 00000000 00:00 0 
7fc3c5669000-7fc3c5bb2000 ---p 00000000 00:00 0 
7fc3c5bb2000-7fc3c5bb3000 rw-p 00000000 00:00 0 
7fc3c5bb3000-7fc3c5db3000 ---p 00000000 00:00 0 
7fc3c5db3000-7fc3c5e30000 rw-p 00000000 00:00 0 
7fc3c5e30000-7fc3c6379000 ---p 00000000 00:00 0 
7fc3c6379000-7fc3c637a000 rw-p 00000000 00:00 0 
7fc3c637a000-7fc3c657a000 ---p 00000000 00:00 0 
7fc3c657a000-7fc3c65f7000 rw-p 00000000 00:00 0 
7fc3c65f7000-7fc3c6b40000 ---p 00000000 00:00 0 
7fc3c6b40000-7fc3c6b41000 rw-p 00000000 00:00 0 
7fc3c6b41000-7fc3c6d41000 ---p 00000000 00:00 0 
7fc3c6d41000-7fc3c7549000 rw-p 00000000 00:00 0 
7fc3c7549000-7fc3c754a000 ---p 00000000 00:00 0 
7fc3c754a000-7fc3c7650000 rw-p 00000000 00:00 0 
7fc3c7650000-7fc3c7736000 ---p 00000000 00:00 0 
7fc3c7736000-7fc3c773b000 rw-p 00000000 00:00 0 
7fc3c773b000-7fc3c7821000 ---p 00000000 00:00 0 
7fc3c7821000-7fc3c7824000 r--p 00000000 08:07 6301685                    /usr/lib/x86_64-linux-gnu/libnss_files-2.31.so
7fc3c7824000-7fc3c782b000 r-xp 00003000 08:07 6301685                    /usr/lib/x86_64-linux-gnu/libnss_files-2.31.so
7fc3c782b000-7fc3c782d000 r--p 0000a000 08:07 6301685                    /usr/lib/x86_64-linux-gnu/libnss_files-2.31.so
7fc3c782d000-7fc3c782e000 r--p 0000b000 08:07 6301685                    /usr/lib/x86_64-linux-gnu/libnss_files-2.31.so
7fc3c782e000-7fc3c782f000 rw-p 0000c000 08:07 6301685                    /usr/lib/x86_64-linux-gnu/libnss_files-2.31.so
7fc3c782f000-7fc3c7835000 rw-p 00000000 00:00 0 
7fc3c7835000-7fc3c7837000 rw-s 00000000 00:06 587                        /dev/nvidiactl
7fc3c7837000-7fc3c783c000 rw-p 00000000 00:00 0 
7fc3c783c000-7fc3c7843000 ---p 00000000 00:00 0 
7fc3c7843000-7fc3c7845000 r--p 00000000 08:07 1052790                    /usr/lib/jvm/java-11-openjdk-amd64/lib/libjimage.so
7fc3c7845000-7fc3c7848000 r-xp 00002000 08:07 1052790                    /usr/lib/jvm/java-11-openjdk-amd64/lib/libjimage.so
7fc3c7848000-7fc3c7849000 r--p 00005000 08:07 1052790                    /usr/lib/jvm/java-11-openjdk-amd64/lib/libjimage.so
7fc3c7849000-7fc3c784a000 ---p 00006000 08:07 1052790                    /usr/lib/jvm/java-11-openjdk-amd64/lib/libjimage.so
7fc3c784a000-7fc3c784b000 r--p 00006000 08:07 1052790                    /usr/lib/jvm/java-11-openjdk-amd64/lib/libjimage.so
7fc3c784b000-7fc3c784c000 rw-p 00007000 08:07 1052790                    /usr/lib/jvm/java-11-openjdk-amd64/lib/libjimage.so
7fc3c784c000-7fc3c784e000 r--p 00000000 08:07 1053168                    /usr/lib/jvm/java-11-openjdk-amd64/lib/libzip.so
7fc3c784e000-7fc3c7852000 r-xp 00002000 08:07 1053168                    /usr/lib/jvm/java-11-openjdk-amd64/lib/libzip.so
7fc3c7852000-7fc3c7854000 r--p 00006000 08:07 1053168                    /usr/lib/jvm/java-11-openjdk-amd64/lib/libzip.so
7fc3c7854000-7fc3c7855000 r--p 00007000 08:07 1053168                    /usr/lib/jvm/java-11-openjdk-amd64/lib/libzip.so
7fc3c7855000-7fc3c7856000 rw-p 00008000 08:07 1053168                    /usr/lib/jvm/java-11-openjdk-amd64/lib/libzip.so
7fc3c7856000-7fc3c7864000 r--p 00000000 08:07 1052786                    /usr/lib/jvm/java-11-openjdk-amd64/lib/libjava.so
7fc3c7864000-7fc3c787a000 r-xp 0000e000 08:07 1052786                    /usr/lib/jvm/java-11-openjdk-amd64/lib/libjava.so
7fc3c787a000-7fc3c7881000 r--p 00024000 08:07 1052786                    /usr/lib/jvm/java-11-openjdk-amd64/lib/libjava.so
7fc3c7881000-7fc3c7882000 r--p 0002a000 08:07 1052786                    /usr/lib/jvm/java-11-openjdk-amd64/lib/libjava.so
7fc3c7882000-7fc3c7884000 rw-p 0002b000 08:07 1052786                    /usr/lib/jvm/java-11-openjdk-amd64/lib/libjava.so
7fc3c7884000-7fc3c7887000 r--p 00000000 08:07 6302017                    /usr/lib/x86_64-linux-gnu/librt-2.31.so
7fc3c7887000-7fc3c788b000 r-xp 00003000 08:07 6302017                    /usr/lib/x86_64-linux-gnu/librt-2.31.so
7fc3c788b000-7fc3c788c000 r--p 00007000 08:07 6302017                    /usr/lib/x86_64-linux-gnu/librt-2.31.so
7fc3c788c000-7fc3c788d000 ---p 00008000 08:07 6302017                    /usr/lib/x86_64-linux-gnu/librt-2.31.so
7fc3c788d000-7fc3c788e000 r--p 00008000 08:07 6302017                    /usr/lib/x86_64-linux-gnu/librt-2.31.so
7fc3c788e000-7fc3c788f000 rw-p 00009000 08:07 6302017                    /usr/lib/x86_64-linux-gnu/librt-2.31.so
7fc3c788f000-7fc3c7893000 ---p 00000000 00:00 0 
7fc3c7893000-7fc3c7990000 rw-p 00000000 00:00 0 
7fc3c7990000-7fc3c7993000 r--p 00000000 08:07 6291804                    /usr/lib/x86_64-linux-gnu/libgcc_s.so.1
7fc3c7993000-7fc3c79a5000 r-xp 00003000 08:07 6291804                    /usr/lib/x86_64-linux-gnu/libgcc_s.so.1
7fc3c79a5000-7fc3c79a9000 r--p 00015000 08:07 6291804                    /usr/lib/x86_64-linux-gnu/libgcc_s.so.1
7fc3c79a9000-7fc3c79aa000 r--p 00018000 08:07 6291804                    /usr/lib/x86_64-linux-gnu/libgcc_s.so.1
7fc3c79aa000-7fc3c79ab000 rw-p 00019000 08:07 6291804                    /usr/lib/x86_64-linux-gnu/libgcc_s.so.1
7fc3c79ab000-7fc3c79ba000 r--p 00000000 08:07 6301432                    /usr/lib/x86_64-linux-gnu/libm-2.31.so
7fc3c79ba000-7fc3c7a61000 r-xp 0000f000 08:07 6301432                    /usr/lib/x86_64-linux-gnu/libm-2.31.so
7fc3c7a61000-7fc3c7af8000 r--p 000b6000 08:07 6301432                    /usr/lib/x86_64-linux-gnu/libm-2.31.so
7fc3c7af8000-7fc3c7af9000 r--p 0014c000 08:07 6301432                    /usr/lib/x86_64-linux-gnu/libm-2.31.so
7fc3c7af9000-7fc3c7afa000 rw-p 0014d000 08:07 6301432                    /usr/lib/x86_64-linux-gnu/libm-2.31.so
7fc3c7afa000-7fc3c7b90000 r--p 00000000 08:07 6296464                    /usr/lib/x86_64-linux-gnu/libstdc++.so.6.0.28
7fc3c7b90000-7fc3c7c80000 r-xp 00096000 08:07 6296464                    /usr/lib/x86_64-linux-gnu/libstdc++.so.6.0.28
7fc3c7c80000-7fc3c7cc9000 r--p 00186000 08:07 6296464                    /usr/lib/x86_64-linux-gnu/libstdc++.so.6.0.28
7fc3c7cc9000-7fc3c7cca000 ---p 001cf000 08:07 6296464                    /usr/lib/x86_64-linux-gnu/libstdc++.so.6.0.28
7fc3c7cca000-7fc3c7cd5000 r--p 001cf000 08:07 6296464                    /usr/lib/x86_64-linux-gnu/libstdc++.so.6.0.28
7fc3c7cd5000-7fc3c7cd8000 rw-p 001da000 08:07 6296464                    /usr/lib/x86_64-linux-gnu/libstdc++.so.6.0.28
7fc3c7cd8000-7fc3c7cdb000 rw-p 00000000 00:00 0 
7fc3c7cdb000-7fc3c7f48000 r--p 00000000 08:07 1572895                    /usr/lib/jvm/java-11-openjdk-amd64/lib/server/libjvm.so
7fc3c7f48000-7fc3c8adb000 r-xp 0026d000 08:07 1572895                    /usr/lib/jvm/java-11-openjdk-amd64/lib/server/libjvm.so
7fc3c8adb000-7fc3c8d11000 r--p 00e00000 08:07 1572895                    /usr/lib/jvm/java-11-openjdk-amd64/lib/server/libjvm.so
7fc3c8d11000-7fc3c8d12000 ---p 01036000 08:07 1572895                    /usr/lib/jvm/java-11-openjdk-amd64/lib/server/libjvm.so
7fc3c8d12000-7fc3c8dcf000 r--p 01036000 08:07 1572895                    /usr/lib/jvm/java-11-openjdk-amd64/lib/server/libjvm.so
7fc3c8dcf000-7fc3c8e09000 rw-p 010f3000 08:07 1572895                    /usr/lib/jvm/java-11-openjdk-amd64/lib/server/libjvm.so
7fc3c8e09000-7fc3c8e61000 rw-p 00000000 00:00 0 
7fc3c8e61000-7fc3c8e68000 r--p 00000000 08:07 6302009                    /usr/lib/x86_64-linux-gnu/libpthread-2.31.so
7fc3c8e68000-7fc3c8e79000 r-xp 00007000 08:07 6302009                    /usr/lib/x86_64-linux-gnu/libpthread-2.31.so
7fc3c8e79000-7fc3c8e7e000 r--p 00018000 08:07 6302009                    /usr/lib/x86_64-linux-gnu/libpthread-2.31.so
7fc3c8e7e000-7fc3c8e7f000 r--p 0001c000 08:07 6302009                    /usr/lib/x86_64-linux-gnu/libpthread-2.31.so
7fc3c8e7f000-7fc3c8e80000 rw-p 0001d000 08:07 6302009                    /usr/lib/x86_64-linux-gnu/libpthread-2.31.so
7fc3c8e80000-7fc3c8e84000 rw-p 00000000 00:00 0 
7fc3c8e84000-7fc3c8e85000 r--p 00000000 08:07 6300097                    /usr/lib/x86_64-linux-gnu/libdl-2.31.so
7fc3c8e85000-7fc3c8e87000 r-xp 00001000 08:07 6300097                    /usr/lib/x86_64-linux-gnu/libdl-2.31.so
7fc3c8e87000-7fc3c8e88000 r--p 00003000 08:07 6300097                    /usr/lib/x86_64-linux-gnu/libdl-2.31.so
7fc3c8e88000-7fc3c8e89000 r--p 00003000 08:07 6300097                    /usr/lib/x86_64-linux-gnu/libdl-2.31.so
7fc3c8e89000-7fc3c8e8a000 rw-p 00004000 08:07 6300097                    /usr/lib/x86_64-linux-gnu/libdl-2.31.so
7fc3c8e8a000-7fc3c8e8c000 r--p 00000000 08:07 6291598                    /usr/lib/x86_64-linux-gnu/libz.so.1.2.11
7fc3c8e8c000-7fc3c8e9d000 r-xp 00002000 08:07 6291598                    /usr/lib/x86_64-linux-gnu/libz.so.1.2.11
7fc3c8e9d000-7fc3c8ea3000 r--p 00013000 08:07 6291598                    /usr/lib/x86_64-linux-gnu/libz.so.1.2.11
7fc3c8ea3000-7fc3c8ea4000 ---p 00019000 08:07 6291598                    /usr/lib/x86_64-linux-gnu/libz.so.1.2.11
7fc3c8ea4000-7fc3c8ea5000 r--p 00019000 08:07 6291598                    /usr/lib/x86_64-linux-gnu/libz.so.1.2.11
7fc3c8ea5000-7fc3c8ea6000 rw-p 0001a000 08:07 6291598                    /usr/lib/x86_64-linux-gnu/libz.so.1.2.11
7fc3c8ea6000-7fc3c8ecb000 r--p 00000000 08:07 6298993                    /usr/lib/x86_64-linux-gnu/libc-2.31.so
7fc3c8ecb000-7fc3c9043000 r-xp 00025000 08:07 6298993                    /usr/lib/x86_64-linux-gnu/libc-2.31.so
7fc3c9043000-7fc3c908d000 r--p 0019d000 08:07 6298993                    /usr/lib/x86_64-linux-gnu/libc-2.31.so
7fc3c908d000-7fc3c908e000 ---p 001e7000 08:07 6298993                    /usr/lib/x86_64-linux-gnu/libc-2.31.so
7fc3c908e000-7fc3c9091000 r--p 001e7000 08:07 6298993                    /usr/lib/x86_64-linux-gnu/libc-2.31.so
7fc3c9091000-7fc3c9094000 rw-p 001ea000 08:07 6298993                    /usr/lib/x86_64-linux-gnu/libc-2.31.so
7fc3c9094000-7fc3c9098000 rw-p 00000000 00:00 0 
7fc3c9098000-7fc3c9099000 rw-s 00000000 00:06 588                        /dev/nvidia0
7fc3c9099000-7fc3c909a000 rw-s 00000000 00:06 588                        /dev/nvidia0
7fc3c909a000-7fc3c909b000 rw-s 00000000 00:06 587                        /dev/nvidiactl
7fc3c909b000-7fc3c909d000 r--s 0000c000 08:07 527088                     /usr/share/java/java-atk-wrapper.jar
7fc3c909d000-7fc3c90a5000 rw-s 00000000 08:07 1444130                    /tmp/hsperfdata_aristide/76336
7fc3c90a5000-7fc3c90a6000 ---p 00000000 00:00 0 
7fc3c90a6000-7fc3c90a7000 r--p 00000000 00:00 0 
7fc3c90a7000-7fc3c90ac000 r--p 00000000 08:07 1053167                    /usr/lib/jvm/java-11-openjdk-amd64/lib/libverify.so
7fc3c90ac000-7fc3c90b3000 r-xp 00005000 08:07 1053167                    /usr/lib/jvm/java-11-openjdk-amd64/lib/libverify.so
7fc3c90b3000-7fc3c90b5000 r--p 0000c000 08:07 1053167                    /usr/lib/jvm/java-11-openjdk-amd64/lib/libverify.so
7fc3c90b5000-7fc3c90b6000 ---p 0000e000 08:07 1053167                    /usr/lib/jvm/java-11-openjdk-amd64/lib/libverify.so
7fc3c90b6000-7fc3c90b8000 r--p 0000e000 08:07 1053167                    /usr/lib/jvm/java-11-openjdk-amd64/lib/libverify.so
7fc3c90b8000-7fc3c90b9000 rw-p 00010000 08:07 1053167                    /usr/lib/jvm/java-11-openjdk-amd64/lib/libverify.so
7fc3c90b9000-7fc3c90bc000 r--p 00000000 08:07 1311804                    /usr/lib/jvm/java-11-openjdk-amd64/lib/jli/libjli.so
7fc3c90bc000-7fc3c90c6000 r-xp 00003000 08:07 1311804                    /usr/lib/jvm/java-11-openjdk-amd64/lib/jli/libjli.so
7fc3c90c6000-7fc3c90c9000 r--p 0000d000 08:07 1311804                    /usr/lib/jvm/java-11-openjdk-amd64/lib/jli/libjli.so
7fc3c90c9000-7fc3c90ca000 r--p 0000f000 08:07 1311804                    /usr/lib/jvm/java-11-openjdk-amd64/lib/jli/libjli.so
7fc3c90ca000-7fc3c90cb000 rw-p 00010000 08:07 1311804                    /usr/lib/jvm/java-11-openjdk-amd64/lib/jli/libjli.so
7fc3c90cb000-7fc3c90cd000 rw-p 00000000 00:00 0 
7fc3c90cd000-7fc3c90ce000 r--p 00000000 08:07 6296060                    /usr/lib/x86_64-linux-gnu/ld-2.31.so
7fc3c90ce000-7fc3c90f1000 r-xp 00001000 08:07 6296060                    /usr/lib/x86_64-linux-gnu/ld-2.31.so
7fc3c90f1000-7fc3c90f9000 r--p 00024000 08:07 6296060                    /usr/lib/x86_64-linux-gnu/ld-2.31.so
7fc3c90f9000-7fc3c90fa000 rw-s 00000000 00:06 587                        /dev/nvidiactl
7fc3c90fa000-7fc3c90fb000 r--p 0002c000 08:07 6296060                    /usr/lib/x86_64-linux-gnu/ld-2.31.so
7fc3c90fb000-7fc3c90fc000 rw-p 0002d000 08:07 6296060                    /usr/lib/x86_64-linux-gnu/ld-2.31.so
7fc3c90fc000-7fc3c90fd000 rw-p 00000000 00:00 0 
7ffcec91c000-7ffcec93e000 rw-p 00000000 00:00 0                          [stack]
7ffcec9e1000-7ffcec9e4000 r--p 00000000 00:00 0                          [vvar]
7ffcec9e4000-7ffcec9e5000 r-xp 00000000 00:00 0                          [vdso]
ffffffffff600000-ffffffffff601000 --xp 00000000 00:00 0                  [vsyscall]


VM Arguments:
jvm_args: -Dfile.encoding=UTF-8 
java_command: shiny_potatoes.ShinyPotato
java_class_path (initial): /home/aristide/git/shiny-potato/shiny-potato/target/classes:/home/aristide/git/shiny-potato/shiny-potato/lib/lwjgl/lwjgl-natives-linux.jar:/home/aristide/git/shiny-potato/shiny-potato/lib/lwjgl/lwjgl.jar:/home/aristide/git/shiny-potato/shiny-potato/lib/lwjgl-glfw/lwjgl-glfw-natives-linux.jar:/home/aristide/git/shiny-potato/shiny-potato/lib/lwjgl-glfw/lwjgl-glfw.jar:/home/aristide/git/shiny-potato/shiny-potato/lib/lwjgl-opengl/lwjgl-opengl-natives-linux.jar:/home/aristide/git/shiny-potato/shiny-potato/lib/lwjgl-opengl/lwjgl-opengl.jar:/home/aristide/git/shiny-potato/shiny-potato/lib/lwjgl/lwjgl-sources.jar:/home/aristide/git/shiny-potato/shiny-potato/lib/lwjgl-glfw/lwjgl-glfw-sources.jar:/home/aristide/git/shiny-potato/shiny-potato/lib/lwjgl-opengl/lwjgl-opengl-sources.jar:/home/aristide/git/shiny-potato/shiny-potato/lib/lwjgl/lwjgl-natives-windows-x86.jar:/home/aristide/git/shiny-potato/shiny-potato/lib/lwjgl/lwjgl-natives-windows.jar:/home/aristide/git/shiny-potato/shiny-potato/lib/lwjgl-glfw/lwjgl-glfw-natives-windows-x86.jar:/home/aristide/git/shiny-potato/shiny-potato/lib/lwjgl-glfw/lwjgl-glfw-natives-windows.jar:/home/aristide/git/shiny-potato/shiny-potato/lib/lwjgl-opengl/lwjgl-opengl-natives-windows-x86.jar:/home/aristide/git/shiny-potato/shiny-potato/lib/lwjgl-opengl/lwjgl-opengl-natives-windows.jar:/home/aristide/git/shiny-potato/shiny-potato/lib/lwjgl/lwjgl-natives-linux-arm32.jar:/home/aristide/git/shiny-potato/shiny-potato/lib/lwjgl/lwjgl-natives-linux-arm64.jar:/home/aristide/git/shiny-potato/shiny-potato/lib/lwjgl-glfw/lwjgl-glfw-natives-linux-arm32.jar:/home/aristide/git/shiny-potato/shiny-potato/lib/lwjgl-glfw/lwjgl-glfw-natives-linux-arm64.jar:/home/aristide/git/shiny-potato/shiny-potato/lib/lwjgl-opengl/lwjgl-opengl-natives-linux-arm32.jar:/home/aristide/git/shiny-potato/shiny-potato/lib/lwjgl-opengl/lwjgl-opengl-natives-linux-arm64.jar:/home/aristide/git/shiny-potato/shiny-potato/lib/lwjgl-stb/lwjgl-stb-javadoc.jar:/ho
Launcher Type: SUN_STANDARD

[Global flags]
     intx CICompilerCount                          = 4                                         {product} {ergonomic}
     uint ConcGCThreads                            = 2                                         {product} {ergonomic}
     uint G1ConcRefinementThreads                  = 8                                         {product} {ergonomic}
   size_t G1HeapRegionSize                         = 1048576                                   {product} {ergonomic}
    uintx GCDrainStackTargetSize                   = 64                                        {product} {ergonomic}
   size_t InitialHeapSize                          = 262144000                                 {product} {ergonomic}
   size_t MarkStackSize                            = 4194304                                   {product} {ergonomic}
   size_t MaxHeapSize                              = 4175429632                                {product} {ergonomic}
   size_t MaxNewSize                               = 2505048064                                {product} {ergonomic}
   size_t MinHeapDeltaBytes                        = 1048576                                   {product} {ergonomic}
    uintx NonNMethodCodeHeapSize                   = 5836300                                {pd product} {ergonomic}
    uintx NonProfiledCodeHeapSize                  = 122910970                              {pd product} {ergonomic}
    uintx ProfiledCodeHeapSize                     = 122910970                              {pd product} {ergonomic}
    uintx ReservedCodeCacheSize                    = 251658240                              {pd product} {ergonomic}
     bool SegmentedCodeCache                       = true                                      {product} {ergonomic}
     bool UseCompressedClassPointers               = true                                 {lp64_product} {ergonomic}
     bool UseCompressedOops                        = true                                 {lp64_product} {ergonomic}
     bool UseG1GC                                  = true                                      {product} {ergonomic}

Logging:
Log output configuration:
 #0: stdout all=warning uptime,level,tags
 #1: stderr all=off uptime,level,tags

Environment Variables:
PATH=/home/aristide/bin:/usr/local/sbin:/usr/local/bin:/usr/sbin:/usr/bin:/sbin:/bin:/usr/games:/usr/local/games:/snap/bin
USERNAME=aristide
SHELL=/bin/bash
DISPLAY=:1

Signal Handlers:
SIGSEGV: [libjvm.so+0xd8cfb0], sa_mask[0]=11111111011111111101111111111110, sa_flags=SA_RESTART|SA_SIGINFO
SIGBUS: [libjvm.so+0xd8cfb0], sa_mask[0]=11111111011111111101111111111110, sa_flags=SA_RESTART|SA_SIGINFO
SIGFPE: [libjvm.so+0xd8cfb0], sa_mask[0]=11111111011111111101111111111110, sa_flags=SA_RESTART|SA_SIGINFO
SIGPIPE: [libjvm.so+0xb85c00], sa_mask[0]=11111111011111111101111111111110, sa_flags=SA_RESTART|SA_SIGINFO
SIGXFSZ: [libjvm.so+0xb85c00], sa_mask[0]=11111111011111111101111111111110, sa_flags=SA_RESTART|SA_SIGINFO
SIGILL: [libjvm.so+0xd8cfb0], sa_mask[0]=11111111011111111101111111111110, sa_flags=SA_RESTART|SA_SIGINFO
SIGUSR2: [libjvm.so+0xb85aa0], sa_mask[0]=00100000000000000000000000000000, sa_flags=SA_RESTART|SA_SIGINFO
SIGHUP: [libjvm.so+0xb85f40], sa_mask[0]=11111111011111111101111111111110, sa_flags=SA_RESTART|SA_SIGINFO
SIGINT: [libjvm.so+0xb85f40], sa_mask[0]=11111111011111111101111111111110, sa_flags=SA_RESTART|SA_SIGINFO
SIGTERM: [libjvm.so+0xb85f40], sa_mask[0]=11111111011111111101111111111110, sa_flags=SA_RESTART|SA_SIGINFO
SIGQUIT: [libjvm.so+0xb85f40], sa_mask[0]=11111111011111111101111111111110, sa_flags=SA_RESTART|SA_SIGINFO


---------------  S Y S T E M  ---------------

OS:DISTRIB_ID=Ubuntu
DISTRIB_RELEASE=20.04
DISTRIB_CODENAME=focal
DISTRIB_DESCRIPTION="Ubuntu 20.04 LTS"
uname:Linux 5.4.0-29-generic #33-Ubuntu SMP Wed Apr 29 14:32:27 UTC 2020 x86_64
OS uptime: 2 days 0:44 hours
libc:glibc 2.31 NPTL 2.31 
rlimit: STACK 8192k, CORE 0k, NPROC 63478, NOFILE 1048576, AS infinity, CPU infinity, DATA infinity, FSIZE infinity
load average:1,56 1,81 1,81

/proc/meminfo:
MemTotal:       16306664 kB
MemFree:         3362048 kB
MemAvailable:    6974292 kB
Buffers:          354060 kB
Cached:          3871020 kB
SwapCached:            0 kB
Active:          9747860 kB
Inactive:        2372720 kB
Active(anon):    7909180 kB
Inactive(anon):   525220 kB
Active(file):    1838680 kB
Inactive(file):  1847500 kB
Unevictable:        1080 kB
Mlocked:             256 kB
SwapTotal:      15999996 kB
SwapFree:       15999996 kB
Dirty:              3028 kB
Writeback:             0 kB
AnonPages:       7896644 kB
Mapped:          1621924 kB
Shmem:            544576 kB
KReclaimable:     266072 kB
Slab:             490628 kB
SReclaimable:     266072 kB
SUnreclaim:       224556 kB
KernelStack:       28128 kB
PageTables:        84508 kB
NFS_Unstable:          0 kB
Bounce:                0 kB
WritebackTmp:          0 kB
CommitLimit:    24153328 kB
Committed_AS:   24101432 kB
VmallocTotal:   34359738367 kB
VmallocUsed:       76304 kB
VmallocChunk:          0 kB
Percpu:             8160 kB
HardwareCorrupted:     0 kB
AnonHugePages:         0 kB
ShmemHugePages:        0 kB
ShmemPmdMapped:        0 kB
FileHugePages:         0 kB
FilePmdMapped:         0 kB
CmaTotal:              0 kB
CmaFree:               0 kB
HugePages_Total:       0
HugePages_Free:        0
HugePages_Rsvd:        0
HugePages_Surp:        0
Hugepagesize:       2048 kB
Hugetlb:               0 kB
DirectMap4k:      600832 kB
DirectMap2M:    12941312 kB
DirectMap1G:     4194304 kB


/proc/sys/kernel/threads-max (system-wide limit on the number of threads):
126956


/proc/sys/vm/max_map_count (maximum number of memory map areas a process may have):
65530


/proc/sys/kernel/pid_max (system-wide limit on number of process identifiers):
4194304



container (cgroup) information:
container_type: cgroupv1
cpu_cpuset_cpus: 0-7
cpu_memory_nodes: 0
active_processor_count: 8
cpu_quota: -1
cpu_period: 100000
cpu_shares: -1
memory_limit_in_bytes: -1
memory_and_swap_limit_in_bytes: -2
memory_soft_limit_in_bytes: -1
memory_usage_in_bytes: 10861846528
memory_max_usage_in_bytes: 11740491776

Steal ticks since vm start: 0
Steal ticks percentage since vm start:  0,000

CPU:total 8 (initial active 8) (4 cores per cpu, 2 threads per core) family 6 model 60 stepping 3, cmov, cx8, fxsr, mmx, sse, sse2, sse3, ssse3, sse4.1, sse4.2, popcnt, avx, avx2, aes, clmul, erms, lzcnt, ht, tsc, tscinvbit, bmi1, bmi2, fma
CPU Model and flags from /proc/cpuinfo:
model name	: Intel(R) Core(TM) i7-4720HQ CPU @ 2.60GHz
flags		: fpu vme de pse tsc msr pae mce cx8 apic sep mtrr pge mca cmov pat pse36 clflush dts acpi mmx fxsr sse sse2 ss ht tm pbe syscall nx pdpe1gb rdtscp lm constant_tsc arch_perfmon pebs bts rep_good nopl xtopology nonstop_tsc cpuid aperfmperf pni pclmulqdq dtes64 monitor ds_cpl vmx est tm2 ssse3 sdbg fma cx16 xtpr pdcm pcid sse4_1 sse4_2 x2apic movbe popcnt tsc_deadline_timer aes xsave avx f16c rdrand lahf_lm abm cpuid_fault epb invpcid_single pti ssbd ibrs ibpb stibp tpr_shadow vnmi flexpriority ept vpid ept_ad fsgsbase tsc_adjust bmi1 avx2 smep bmi2 erms invpcid xsaveopt dtherm ida arat pln pts md_clear flush_l1d

Memory: 4k page, physical 16306664k(3362048k free), swap 15999996k(15999996k free)

vm_info: OpenJDK 64-Bit Server VM (11.0.7+10-post-Ubuntu-3ubuntu1) for linux-amd64 JRE (11.0.7+10-post-Ubuntu-3ubuntu1), built on Apr 16 2020 12:54:17 by "unknown" with gcc 9.3.0

END.
